<?xml version="1.0" encoding="UTF-8"?>
<coverage generated="1661409847301" clover="3.2.0">
  <project timestamp="1661409847301" name="All files">
    <metrics statements="370" coveredstatements="318" conditionals="156" coveredconditionals="98" methods="30" coveredmethods="25" elements="556" coveredelements="441" complexity="0" loc="370" ncloc="370" packages="2" files="8" classes="8"/>
    <package name="models">
      <metrics statements="340" coveredstatements="288" conditionals="152" coveredconditionals="94" methods="28" coveredmethods="23"/>
      <file name="JunqiBoard.ts" path="/Users/jasonyl/Desktop/projects/junqiProject/junqi-server/models/JunqiBoard.ts">
        <metrics statements="313" coveredstatements="266" conditionals="147" coveredconditionals="92" methods="14" coveredmethods="12"/>
        <line num="7" count="1" type="stmt"/>
        <line num="8" count="1" type="stmt"/>
        <line num="10" count="1" type="stmt"/>
        <line num="11" count="1" type="stmt"/>
        <line num="12" count="1" type="stmt"/>
        <line num="13" count="1" type="stmt"/>
        <line num="15" count="1" type="stmt"/>
        <line num="21" count="18" type="stmt"/>
        <line num="22" count="18" type="stmt"/>
        <line num="24" count="18" type="cond" truecount="2" falsecount="0"/>
        <line num="27" count="7" type="stmt"/>
        <line num="31" count="0" type="stmt"/>
        <line num="35" count="46" type="cond" truecount="0" falsecount="1"/>
        <line num="36" count="46" type="cond" truecount="0" falsecount="1"/>
        <line num="38" count="46" type="stmt"/>
        <line num="39" count="46" type="stmt"/>
        <line num="41" count="46" type="cond" truecount="4" falsecount="0"/>
        <line num="42" count="3" type="stmt"/>
        <line num="43" count="43" type="cond" truecount="3" falsecount="0"/>
        <line num="44" count="3" type="stmt"/>
        <line num="47" count="40" type="cond" truecount="2" falsecount="0"/>
        <line num="49" count="18" type="cond" truecount="2" falsecount="0"/>
        <line num="50" count="2" type="cond" truecount="3" falsecount="0"/>
        <line num="51" count="16" type="cond" truecount="1" falsecount="0"/>
        <line num="52" count="2" type="cond" truecount="3" falsecount="0"/>
        <line num="55" count="14" type="cond" truecount="2" falsecount="0"/>
        <line num="56" count="3" type="cond" truecount="2" falsecount="0"/>
        <line num="57" count="11" type="cond" truecount="1" falsecount="0"/>
        <line num="58" count="2" type="cond" truecount="2" falsecount="0"/>
        <line num="61" count="9" type="cond" truecount="1" falsecount="1"/>
        <line num="62" count="0" type="stmt"/>
        <line num="64" count="9" type="cond" truecount="0" falsecount="1"/>
        <line num="65" count="0" type="stmt"/>
        <line num="68" count="22" type="cond" truecount="1" falsecount="0"/>
        <line num="71" count="22" type="cond" truecount="1" falsecount="1"/>
        <line num="72" count="0" type="cond" truecount="0" falsecount="3"/>
        <line num="73" count="22" type="cond" truecount="1" falsecount="0"/>
        <line num="74" count="1" type="cond" truecount="3" falsecount="0"/>
        <line num="77" count="21" type="cond" truecount="2" falsecount="0"/>
        <line num="78" count="7" type="cond" truecount="2" falsecount="0"/>
        <line num="79" count="14" type="cond" truecount="0" falsecount="1"/>
        <line num="80" count="0" type="cond" truecount="0" falsecount="2"/>
        <line num="83" count="14" type="cond" truecount="2" falsecount="0"/>
        <line num="84" count="6" type="stmt"/>
        <line num="86" count="8" type="cond" truecount="0" falsecount="1"/>
        <line num="87" count="0" type="stmt"/>
        <line num="92" count="17" type="stmt"/>
        <line num="96" count="605" type="cond" truecount="3" falsecount="0"/>
        <line num="97" count="599" type="cond" truecount="3" falsecount="0"/>
        <line num="98" count="597" type="stmt"/>
        <line num="102" count="59" type="cond" truecount="1" falsecount="0"/>
        <line num="103" count="55" type="stmt"/>
        <line num="108" count="357" type="cond" truecount="1" falsecount="0"/>
        <line num="109" count="353" type="stmt"/>
        <line num="114" count="22" type="cond" truecount="0" falsecount="1"/>
        <line num="115" count="22" type="cond" truecount="0" falsecount="1"/>
        <line num="116" count="22" type="cond" truecount="2" falsecount="1"/>
        <line num="118" count="22" type="stmt"/>
        <line num="119" count="22" type="stmt"/>
        <line num="121" count="22" type="stmt"/>
        <line num="122" count="22" type="stmt"/>
        <line num="125" count="22" type="cond" truecount="1" falsecount="0"/>
        <line num="126" count="21" type="cond" truecount="1" falsecount="0"/>
        <line num="127" count="20" type="cond" truecount="0" falsecount="1"/>
        <line num="130" count="20" type="cond" truecount="1" falsecount="0"/>
        <line num="132" count="19" type="cond" truecount="0" falsecount="1"/>
        <line num="133" count="19" type="cond" truecount="3" falsecount="0"/>
        <line num="135" count="18" type="cond" truecount="1" falsecount="0"/>
        <line num="137" count="3" type="stmt"/>
        <line num="138" count="3" type="stmt"/>
        <line num="140" count="3" type="stmt"/>
        <line num="141" count="4" type="stmt"/>
        <line num="144" count="3" type="stmt"/>
        <line num="146" count="38" type="stmt"/>
        <line num="148" count="38" type="cond" truecount="1" falsecount="0"/>
        <line num="149" count="24" type="cond" truecount="1" falsecount="0"/>
        <line num="150" count="23" type="stmt"/>
        <line num="151" count="23" type="cond" truecount="1" falsecount="0"/>
        <line num="153" count="18" type="stmt"/>
        <line num="155" count="18" type="stmt"/>
        <line num="156" count="39" type="stmt"/>
        <line num="163" count="17" type="stmt"/>
        <line num="165" count="17" type="stmt"/>
        <line num="166" count="17" type="stmt"/>
        <line num="167" count="17" type="stmt"/>
        <line num="168" count="31" type="cond" truecount="1" falsecount="0"/>
        <line num="169" count="3" type="stmt"/>
        <line num="174" count="14" type="cond" truecount="5" falsecount="0"/>
        <line num="175" count="13" type="cond" truecount="2" falsecount="3"/>
        <line num="177" count="13" type="cond" truecount="7" falsecount="0"/>
        <line num="179" count="7" type="cond" truecount="2" falsecount="0"/>
        <line num="180" count="4" type="stmt"/>
        <line num="181" count="4" type="stmt"/>
        <line num="182" count="11" type="cond" truecount="1" falsecount="0"/>
        <line num="183" count="1" type="stmt"/>
        <line num="185" count="10" type="stmt"/>
        <line num="188" count="3" type="stmt"/>
        <line num="192" count="3" type="stmt"/>
        <line num="193" count="3" type="stmt"/>
        <line num="194" count="9" type="cond" truecount="0" falsecount="1"/>
        <line num="195" count="0" type="stmt"/>
        <line num="197" count="9" type="stmt"/>
        <line num="200" count="3" type="stmt"/>
        <line num="203" count="6" type="cond" truecount="4" falsecount="0"/>
        <line num="205" count="5" type="cond" truecount="2" falsecount="0"/>
        <line num="206" count="4" type="stmt"/>
        <line num="207" count="4" type="stmt"/>
        <line num="208" count="20" type="cond" truecount="1" falsecount="0"/>
        <line num="209" count="1" type="stmt"/>
        <line num="211" count="19" type="stmt"/>
        <line num="214" count="3" type="stmt"/>
        <line num="218" count="1" type="stmt"/>
        <line num="219" count="1" type="stmt"/>
        <line num="220" count="2" type="cond" truecount="0" falsecount="1"/>
        <line num="221" count="0" type="stmt"/>
        <line num="223" count="2" type="stmt"/>
        <line num="226" count="1" type="stmt"/>
        <line num="231" count="1" type="stmt"/>
        <line num="236" count="12" type="cond" truecount="1" falsecount="0"/>
        <line num="238" count="9" type="cond" truecount="1" falsecount="0"/>
        <line num="239" count="9" type="stmt"/>
        <line num="240" count="9" type="stmt"/>
        <line num="243" count="0" type="stmt"/>
        <line num="244" count="0" type="stmt"/>
        <line num="246" count="0" type="stmt"/>
        <line num="250" count="0" type="cond" truecount="0" falsecount="2"/>
        <line num="251" count="0" type="cond" truecount="0" falsecount="2"/>
        <line num="252" count="0" type="stmt"/>
        <line num="254" count="0" type="stmt"/>
        <line num="256" count="0" type="stmt"/>
        <line num="258" count="0" type="cond" truecount="0" falsecount="4"/>
        <line num="260" count="0" type="cond" truecount="0" falsecount="2"/>
        <line num="261" count="0" type="cond" truecount="0" falsecount="2"/>
        <line num="262" count="0" type="stmt"/>
        <line num="263" count="0" type="cond" truecount="0" falsecount="1"/>
        <line num="264" count="0" type="stmt"/>
        <line num="266" count="0" type="cond" truecount="0" falsecount="1"/>
        <line num="267" count="0" type="cond" truecount="0" falsecount="2"/>
        <line num="268" count="0" type="stmt"/>
        <line num="269" count="0" type="cond" truecount="0" falsecount="1"/>
        <line num="270" count="0" type="stmt"/>
        <line num="274" count="0" type="stmt"/>
        <line num="277" count="0" type="cond" truecount="0" falsecount="2"/>
        <line num="279" count="0" type="cond" truecount="0" falsecount="2"/>
        <line num="280" count="0" type="stmt"/>
        <line num="281" count="0" type="cond" truecount="0" falsecount="1"/>
        <line num="282" count="0" type="cond" truecount="0" falsecount="2"/>
        <line num="283" count="0" type="stmt"/>
        <line num="284" count="0" type="cond" truecount="0" falsecount="1"/>
        <line num="285" count="0" type="stmt"/>
        <line num="291" count="0" type="cond" truecount="0" falsecount="2"/>
        <line num="292" count="0" type="stmt"/>
        <line num="293" count="0" type="cond" truecount="0" falsecount="1"/>
        <line num="294" count="0" type="cond" truecount="0" falsecount="1"/>
        <line num="295" count="0" type="stmt"/>
        <line num="296" count="0" type="stmt"/>
        <line num="299" count="0" type="stmt"/>
        <line num="305" count="0" type="stmt"/>
        <line num="310" count="17" type="cond" truecount="0" falsecount="1"/>
        <line num="312" count="17" type="stmt"/>
        <line num="314" count="17" type="stmt"/>
        <line num="315" count="17" type="stmt"/>
        <line num="317" count="17" type="stmt"/>
        <line num="321" count="53" type="cond" truecount="0" falsecount="1"/>
        <line num="323" count="53" type="stmt"/>
        <line num="327" count="0" type="stmt"/>
        <line num="333" count="18" type="stmt"/>
        <line num="334" count="18" type="stmt"/>
        <line num="347" count="18" type="stmt"/>
        <line num="348" count="18" type="stmt"/>
        <line num="353" count="18" type="stmt"/>
        <line num="354" count="18" type="stmt"/>
        <line num="356" count="18" type="stmt"/>
        <line num="358" count="1278" type="stmt"/>
        <line num="360" count="1278" type="cond" truecount="2" falsecount="0"/>
        <line num="361" count="630" type="stmt"/>
        <line num="363" count="648" type="stmt"/>
        <line num="366" count="1278" type="cond" truecount="1" falsecount="0"/>
        <line num="367" count="505" type="stmt"/>
        <line num="370" count="1278" type="cond" truecount="1" falsecount="0"/>
        <line num="371" count="198" type="stmt"/>
        <line num="374" count="1080" type="cond" truecount="0" falsecount="1"/>
        <line num="375" count="0" type="stmt"/>
        <line num="378" count="1080" type="stmt"/>
        <line num="379" count="1080" type="stmt"/>
        <line num="383" count="18" type="cond" truecount="0" falsecount="1"/>
        <line num="384" count="0" type="stmt"/>
        <line num="387" count="18" type="stmt"/>
        <line num="388" count="18" type="stmt"/>
        <line num="390" count="216" type="stmt"/>
        <line num="391" count="1080" type="stmt"/>
        <line num="392" count="1080" type="stmt"/>
        <line num="399" count="18" type="stmt"/>
        <line num="400" count="18" type="stmt"/>
        <line num="401" count="18" type="stmt"/>
        <line num="402" count="18" type="stmt"/>
        <line num="403" count="18" type="stmt"/>
        <line num="404" count="18" type="stmt"/>
        <line num="405" count="18" type="stmt"/>
        <line num="406" count="18" type="stmt"/>
        <line num="407" count="18" type="stmt"/>
        <line num="408" count="18" type="stmt"/>
        <line num="411" count="18" type="stmt"/>
        <line num="412" count="18" type="stmt"/>
        <line num="413" count="18" type="stmt"/>
        <line num="414" count="18" type="stmt"/>
        <line num="415" count="18" type="stmt"/>
        <line num="416" count="18" type="stmt"/>
        <line num="417" count="18" type="stmt"/>
        <line num="418" count="18" type="stmt"/>
        <line num="419" count="18" type="stmt"/>
        <line num="420" count="18" type="stmt"/>
        <line num="423" count="18" type="stmt"/>
        <line num="424" count="18" type="stmt"/>
        <line num="425" count="18" type="stmt"/>
        <line num="426" count="18" type="stmt"/>
        <line num="427" count="18" type="stmt"/>
        <line num="428" count="18" type="stmt"/>
        <line num="429" count="18" type="stmt"/>
        <line num="430" count="18" type="stmt"/>
        <line num="431" count="18" type="stmt"/>
        <line num="432" count="18" type="stmt"/>
        <line num="435" count="18" type="stmt"/>
        <line num="436" count="18" type="stmt"/>
        <line num="437" count="18" type="stmt"/>
        <line num="438" count="18" type="stmt"/>
        <line num="439" count="18" type="stmt"/>
        <line num="440" count="18" type="stmt"/>
        <line num="441" count="18" type="stmt"/>
        <line num="442" count="18" type="stmt"/>
        <line num="443" count="18" type="stmt"/>
        <line num="444" count="18" type="stmt"/>
        <line num="447" count="18" type="stmt"/>
        <line num="448" count="18" type="stmt"/>
        <line num="449" count="18" type="stmt"/>
        <line num="450" count="18" type="stmt"/>
        <line num="451" count="18" type="stmt"/>
        <line num="452" count="18" type="stmt"/>
        <line num="453" count="18" type="stmt"/>
        <line num="454" count="18" type="stmt"/>
        <line num="455" count="18" type="stmt"/>
        <line num="456" count="18" type="stmt"/>
        <line num="459" count="18" type="stmt"/>
        <line num="460" count="18" type="stmt"/>
        <line num="461" count="18" type="stmt"/>
        <line num="462" count="18" type="stmt"/>
        <line num="463" count="18" type="stmt"/>
        <line num="464" count="18" type="stmt"/>
        <line num="465" count="18" type="stmt"/>
        <line num="466" count="18" type="stmt"/>
        <line num="467" count="18" type="stmt"/>
        <line num="468" count="18" type="stmt"/>
        <line num="471" count="18" type="stmt"/>
        <line num="472" count="18" type="stmt"/>
        <line num="473" count="18" type="stmt"/>
        <line num="474" count="18" type="stmt"/>
        <line num="475" count="18" type="stmt"/>
        <line num="476" count="18" type="stmt"/>
        <line num="477" count="18" type="stmt"/>
        <line num="478" count="18" type="stmt"/>
        <line num="479" count="18" type="stmt"/>
        <line num="480" count="18" type="stmt"/>
        <line num="482" count="18" type="stmt"/>
        <line num="483" count="18" type="stmt"/>
        <line num="484" count="18" type="stmt"/>
        <line num="485" count="18" type="stmt"/>
        <line num="486" count="18" type="stmt"/>
        <line num="487" count="18" type="stmt"/>
        <line num="488" count="18" type="stmt"/>
        <line num="489" count="18" type="stmt"/>
        <line num="490" count="18" type="stmt"/>
        <line num="491" count="18" type="stmt"/>
        <line num="493" count="18" type="stmt"/>
        <line num="494" count="18" type="stmt"/>
        <line num="495" count="18" type="stmt"/>
        <line num="496" count="18" type="stmt"/>
        <line num="497" count="18" type="stmt"/>
        <line num="498" count="18" type="stmt"/>
        <line num="499" count="18" type="stmt"/>
        <line num="500" count="18" type="stmt"/>
        <line num="501" count="18" type="stmt"/>
        <line num="502" count="18" type="stmt"/>
        <line num="504" count="18" type="stmt"/>
        <line num="505" count="18" type="stmt"/>
        <line num="506" count="18" type="stmt"/>
        <line num="507" count="18" type="stmt"/>
        <line num="508" count="18" type="stmt"/>
        <line num="509" count="18" type="stmt"/>
        <line num="510" count="18" type="stmt"/>
        <line num="511" count="18" type="stmt"/>
        <line num="512" count="18" type="stmt"/>
        <line num="513" count="18" type="stmt"/>
        <line num="515" count="18" type="stmt"/>
        <line num="516" count="18" type="stmt"/>
        <line num="517" count="18" type="stmt"/>
        <line num="518" count="18" type="stmt"/>
        <line num="519" count="18" type="stmt"/>
        <line num="520" count="18" type="stmt"/>
        <line num="521" count="18" type="stmt"/>
        <line num="522" count="18" type="stmt"/>
        <line num="523" count="18" type="stmt"/>
        <line num="524" count="18" type="stmt"/>
        <line num="526" count="18" type="stmt"/>
        <line num="527" count="18" type="stmt"/>
        <line num="528" count="18" type="stmt"/>
        <line num="529" count="18" type="stmt"/>
        <line num="530" count="18" type="stmt"/>
        <line num="531" count="18" type="stmt"/>
        <line num="532" count="18" type="stmt"/>
        <line num="533" count="18" type="stmt"/>
        <line num="534" count="18" type="stmt"/>
        <line num="535" count="18" type="stmt"/>
        <line num="537" count="18" type="stmt"/>
      </file>
      <file name="Piece.ts" path="/Users/jasonyl/Desktop/projects/junqiProject/junqi-server/models/Piece.ts">
        <metrics statements="5" coveredstatements="3" conditionals="3" coveredconditionals="0" methods="2" coveredmethods="1"/>
        <line num="4" count="1" type="stmt"/>
        <line num="6" count="1140" type="stmt"/>
        <line num="7" count="1140" type="stmt"/>
        <line num="14" count="0" type="cond" truecount="0" falsecount="1"/>
        <line num="15" count="0" type="cond" truecount="0" falsecount="2"/>
      </file>
      <file name="Position.ts" path="/Users/jasonyl/Desktop/projects/junqiProject/junqi-server/models/Position.ts">
        <metrics statements="3" coveredstatements="3" conditionals="0" coveredconditionals="0" methods="1" coveredmethods="1"/>
        <line num="1" count="1" type="stmt"/>
        <line num="6" count="319" type="stmt"/>
        <line num="7" count="319" type="stmt"/>
      </file>
      <file name="Tile.ts" path="/Users/jasonyl/Desktop/projects/junqiProject/junqi-server/models/Tile.ts">
        <metrics statements="19" coveredstatements="16" conditionals="2" coveredconditionals="2" methods="11" coveredmethods="9"/>
        <line num="4" count="1" type="stmt"/>
        <line num="12" count="1080" type="stmt"/>
        <line num="13" count="1080" type="stmt"/>
        <line num="14" count="1080" type="stmt"/>
        <line num="15" count="1080" type="stmt"/>
        <line num="18" count="23" type="stmt"/>
        <line num="21" count="17" type="stmt"/>
        <line num="24" count="21" type="stmt"/>
        <line num="28" count="55" type="stmt"/>
        <line num="32" count="0" type="stmt"/>
        <line num="36" count="376" type="stmt"/>
        <line num="40" count="1080" type="stmt"/>
        <line num="44" count="1080" type="stmt"/>
        <line num="48" count="0" type="stmt"/>
        <line num="49" count="0" type="stmt"/>
        <line num="54" count="1" type="cond" truecount="2" falsecount="0"/>
        <line num="55" count="1" type="stmt"/>
        <line num="56" count="1" type="stmt"/>
        <line num="57" count="1" type="stmt"/>
      </file>
    </package>
    <package name="models.interfaces">
      <metrics statements="30" coveredstatements="30" conditionals="4" coveredconditionals="4" methods="2" coveredmethods="2"/>
      <file name="IBoard.ts" path="/Users/jasonyl/Desktop/projects/junqiProject/junqi-server/models/interfaces/IBoard.ts">
        <metrics statements="3" coveredstatements="3" conditionals="0" coveredconditionals="0" methods="0" coveredmethods="0"/>
        <line num="2" count="1" type="stmt"/>
        <line num="4" count="1" type="stmt"/>
        <line num="26" count="1" type="stmt"/>
      </file>
      <file name="IJunqiGame.ts" path="/Users/jasonyl/Desktop/projects/junqiProject/junqi-server/models/interfaces/IJunqiGame.ts">
        <metrics statements="8" coveredstatements="8" conditionals="2" coveredconditionals="2" methods="1" coveredmethods="1"/>
        <line num="3" count="1" type="stmt"/>
        <line num="4" count="1" type="stmt"/>
        <line num="23" count="1" type="stmt"/>
        <line num="32" count="1" type="stmt"/>
        <line num="34" count="1" type="cond" truecount="2" falsecount="0"/>
        <line num="35" count="1" type="stmt"/>
        <line num="36" count="1" type="stmt"/>
        <line num="37" count="1" type="stmt"/>
      </file>
      <file name="IPiece.ts" path="/Users/jasonyl/Desktop/projects/junqiProject/junqi-server/models/interfaces/IPiece.ts">
        <metrics statements="16" coveredstatements="16" conditionals="2" coveredconditionals="2" methods="1" coveredmethods="1"/>
        <line num="2" count="1" type="stmt"/>
        <line num="11" count="1" type="cond" truecount="2" falsecount="0"/>
        <line num="12" count="1" type="stmt"/>
        <line num="13" count="1" type="stmt"/>
        <line num="14" count="1" type="stmt"/>
        <line num="15" count="1" type="stmt"/>
        <line num="16" count="1" type="stmt"/>
        <line num="17" count="1" type="stmt"/>
        <line num="18" count="1" type="stmt"/>
        <line num="19" count="1" type="stmt"/>
        <line num="20" count="1" type="stmt"/>
        <line num="21" count="1" type="stmt"/>
        <line num="22" count="1" type="stmt"/>
        <line num="23" count="1" type="stmt"/>
        <line num="24" count="1" type="stmt"/>
        <line num="27" count="1" type="stmt"/>
      </file>
      <file name="ITile.ts" path="/Users/jasonyl/Desktop/projects/junqiProject/junqi-server/models/interfaces/ITile.ts">
        <metrics statements="3" coveredstatements="3" conditionals="0" coveredconditionals="0" methods="0" coveredmethods="0"/>
        <line num="2" count="1" type="stmt"/>
        <line num="3" count="1" type="stmt"/>
        <line num="21" count="1" type="stmt"/>
      </file>
    </package>
  </project>
</coverage>
