{"/Users/jasonyl/Desktop/projects/junqiProject/junqi-server/models/JunqiBoard.ts": {"path":"/Users/jasonyl/Desktop/projects/junqiProject/junqi-server/models/JunqiBoard.ts","statementMap":{"0":{"start":{"line":7,"column":0},"end":{"line":7,"column":47}},"1":{"start":{"line":8,"column":0},"end":{"line":8,"column":51}},"2":{"start":{"line":10,"column":0},"end":{"line":10,"column":31}},"3":{"start":{"line":11,"column":0},"end":{"line":11,"column":38}},"4":{"start":{"line":12,"column":0},"end":{"line":12,"column":40}},"5":{"start":{"line":13,"column":0},"end":{"line":13,"column":41}},"6":{"start":{"line":21,"column":8},"end":{"line":21,"column":35}},"7":{"start":{"line":22,"column":8},"end":{"line":22,"column":44}},"8":{"start":{"line":24,"column":8},"end":{"line":28,"column":null}},"9":{"start":{"line":24,"column":25},"end":{"line":24,"column":133}},"10":{"start":{"line":27,"column":12},"end":{"line":27,"column":58}},"11":{"start":{"line":31,"column":8},"end":{"line":31,"column":34}},"12":{"start":{"line":35,"column":8},"end":{"line":35,"column":90}},"13":{"start":{"line":35,"column":38},"end":{"line":35,"column":90}},"14":{"start":{"line":36,"column":8},"end":{"line":36,"column":90}},"15":{"start":{"line":36,"column":38},"end":{"line":36,"column":90}},"16":{"start":{"line":38,"column":21},"end":{"line":38,"column":42}},"17":{"start":{"line":39,"column":21},"end":{"line":39,"column":42}},"18":{"start":{"line":41,"column":8},"end":{"line":45,"column":null}},"19":{"start":{"line":42,"column":12},"end":{"line":42,"column":25}},"20":{"start":{"line":43,"column":15},"end":{"line":45,"column":null}},"21":{"start":{"line":44,"column":12},"end":{"line":44,"column":25}},"22":{"start":{"line":47,"column":8},"end":{"line":90,"column":null}},"23":{"start":{"line":49,"column":12},"end":{"line":53,"column":null}},"24":{"start":{"line":50,"column":16},"end":{"line":50,"column":76}},"25":{"start":{"line":51,"column":19},"end":{"line":53,"column":null}},"26":{"start":{"line":52,"column":16},"end":{"line":52,"column":76}},"27":{"start":{"line":55,"column":12},"end":{"line":59,"column":null}},"28":{"start":{"line":56,"column":16},"end":{"line":56,"column":54}},"29":{"start":{"line":57,"column":19},"end":{"line":59,"column":null}},"30":{"start":{"line":58,"column":16},"end":{"line":58,"column":54}},"31":{"start":{"line":61,"column":12},"end":{"line":66,"column":null}},"32":{"start":{"line":62,"column":16},"end":{"line":62,"column":38}},"33":{"start":{"line":64,"column":17},"end":{"line":66,"column":null}},"34":{"start":{"line":65,"column":16},"end":{"line":65,"column":38}},"35":{"start":{"line":68,"column":15},"end":{"line":90,"column":null}},"36":{"start":{"line":71,"column":12},"end":{"line":75,"column":null}},"37":{"start":{"line":72,"column":16},"end":{"line":72,"column":77}},"38":{"start":{"line":73,"column":19},"end":{"line":75,"column":null}},"39":{"start":{"line":74,"column":16},"end":{"line":74,"column":77}},"40":{"start":{"line":77,"column":12},"end":{"line":81,"column":null}},"41":{"start":{"line":78,"column":16},"end":{"line":78,"column":56}},"42":{"start":{"line":79,"column":19},"end":{"line":81,"column":null}},"43":{"start":{"line":80,"column":16},"end":{"line":80,"column":56}},"44":{"start":{"line":83,"column":12},"end":{"line":88,"column":null}},"45":{"start":{"line":84,"column":16},"end":{"line":84,"column":38}},"46":{"start":{"line":86,"column":17},"end":{"line":88,"column":null}},"47":{"start":{"line":87,"column":16},"end":{"line":87,"column":38}},"48":{"start":{"line":92,"column":8},"end":{"line":92,"column":20}},"49":{"start":{"line":96,"column":8},"end":{"line":96,"column":68}},"50":{"start":{"line":96,"column":55},"end":{"line":96,"column":68}},"51":{"start":{"line":97,"column":8},"end":{"line":97,"column":77}},"52":{"start":{"line":97,"column":64},"end":{"line":97,"column":77}},"53":{"start":{"line":98,"column":8},"end":{"line":98,"column":20}},"54":{"start":{"line":102,"column":8},"end":{"line":102,"column":88}},"55":{"start":{"line":102,"column":37},"end":{"line":102,"column":88}},"56":{"start":{"line":103,"column":8},"end":{"line":103,"column":53}},"57":{"start":{"line":108,"column":8},"end":{"line":108,"column":88}},"58":{"start":{"line":108,"column":37},"end":{"line":108,"column":88}},"59":{"start":{"line":109,"column":8},"end":{"line":109,"column":55}},"60":{"start":{"line":114,"column":8},"end":{"line":114,"column":52}},"61":{"start":{"line":114,"column":38},"end":{"line":114,"column":52}},"62":{"start":{"line":115,"column":8},"end":{"line":115,"column":51}},"63":{"start":{"line":115,"column":38},"end":{"line":115,"column":51}},"64":{"start":{"line":116,"column":8},"end":{"line":116,"column":72}},"65":{"start":{"line":116,"column":59},"end":{"line":116,"column":72}},"66":{"start":{"line":118,"column":27},"end":{"line":118,"column":57}},"67":{"start":{"line":119,"column":25},"end":{"line":119,"column":55}},"68":{"start":{"line":121,"column":21},"end":{"line":121,"column":42}},"69":{"start":{"line":122,"column":21},"end":{"line":122,"column":42}},"70":{"start":{"line":125,"column":8},"end":{"line":125,"column":52}},"71":{"start":{"line":125,"column":39},"end":{"line":125,"column":52}},"72":{"start":{"line":126,"column":8},"end":{"line":126,"column":51}},"73":{"start":{"line":126,"column":38},"end":{"line":126,"column":51}},"74":{"start":{"line":127,"column":8},"end":{"line":127,"column":55}},"75":{"start":{"line":127,"column":42},"end":{"line":127,"column":55}},"76":{"start":{"line":130,"column":8},"end":{"line":130,"column":57}},"77":{"start":{"line":130,"column":44},"end":{"line":130,"column":57}},"78":{"start":{"line":132,"column":8},"end":{"line":132,"column":63}},"79":{"start":{"line":132,"column":50},"end":{"line":132,"column":63}},"80":{"start":{"line":133,"column":8},"end":{"line":133,"column":90}},"81":{"start":{"line":133,"column":77},"end":{"line":133,"column":90}},"82":{"start":{"line":135,"column":8},"end":{"line":161,"column":null}},"83":{"start":{"line":137,"column":38},"end":{"line":137,"column":54}},"84":{"start":{"line":138,"column":24},"end":{"line":138,"column":42}},"85":{"start":{"line":140,"column":12},"end":{"line":142,"column":null}},"86":{"start":{"line":141,"column":16},"end":{"line":141,"column":48}},"87":{"start":{"line":144,"column":12},"end":{"line":159,"column":null}},"88":{"start":{"line":146,"column":27},"end":{"line":146,"column":42}},"89":{"start":{"line":148,"column":16},"end":{"line":148,"column":47}},"90":{"start":{"line":148,"column":38},"end":{"line":148,"column":47}},"91":{"start":{"line":149,"column":16},"end":{"line":149,"column":51}},"92":{"start":{"line":149,"column":39},"end":{"line":149,"column":51}},"93":{"start":{"line":150,"column":16},"end":{"line":150,"column":34}},"94":{"start":{"line":151,"column":16},"end":{"line":151,"column":45}},"95":{"start":{"line":151,"column":36},"end":{"line":151,"column":45}},"96":{"start":{"line":153,"column":40},"end":{"line":153,"column":67}},"97":{"start":{"line":155,"column":16},"end":{"line":157,"column":null}},"98":{"start":{"line":156,"column":20},"end":{"line":156,"column":44}},"99":{"start":{"line":163,"column":8},"end":{"line":163,"column":43}},"100":{"start":{"line":165,"column":28},"end":{"line":165,"column":59}},"101":{"start":{"line":166,"column":8},"end":{"line":166,"column":42}},"102":{"start":{"line":167,"column":8},"end":{"line":171,"column":null}},"103":{"start":{"line":167,"column":20},"end":{"line":167,"column":21}},"104":{"start":{"line":168,"column":12},"end":{"line":170,"column":null}},"105":{"start":{"line":169,"column":16},"end":{"line":169,"column":28}},"106":{"start":{"line":174,"column":8},"end":{"line":174,"column":93}},"107":{"start":{"line":174,"column":81},"end":{"line":174,"column":93}},"108":{"start":{"line":175,"column":8},"end":{"line":175,"column":93}},"109":{"start":{"line":175,"column":81},"end":{"line":175,"column":93}},"110":{"start":{"line":177,"column":8},"end":{"line":229,"column":null}},"111":{"start":{"line":179,"column":12},"end":{"line":201,"column":null}},"112":{"start":{"line":180,"column":26},"end":{"line":180,"column":38}},"113":{"start":{"line":181,"column":16},"end":{"line":186,"column":null}},"114":{"start":{"line":182,"column":20},"end":{"line":184,"column":null}},"115":{"start":{"line":183,"column":24},"end":{"line":183,"column":37}},"116":{"start":{"line":185,"column":20},"end":{"line":185,"column":26}},"117":{"start":{"line":188,"column":16},"end":{"line":188,"column":28}},"118":{"start":{"line":192,"column":26},"end":{"line":192,"column":38}},"119":{"start":{"line":193,"column":16},"end":{"line":198,"column":null}},"120":{"start":{"line":194,"column":20},"end":{"line":196,"column":null}},"121":{"start":{"line":195,"column":24},"end":{"line":195,"column":37}},"122":{"start":{"line":197,"column":20},"end":{"line":197,"column":26}},"123":{"start":{"line":200,"column":16},"end":{"line":200,"column":28}},"124":{"start":{"line":203,"column":15},"end":{"line":229,"column":null}},"125":{"start":{"line":205,"column":12},"end":{"line":227,"column":null}},"126":{"start":{"line":206,"column":26},"end":{"line":206,"column":38}},"127":{"start":{"line":207,"column":16},"end":{"line":212,"column":null}},"128":{"start":{"line":208,"column":20},"end":{"line":210,"column":null}},"129":{"start":{"line":209,"column":24},"end":{"line":209,"column":37}},"130":{"start":{"line":211,"column":20},"end":{"line":211,"column":26}},"131":{"start":{"line":214,"column":16},"end":{"line":214,"column":28}},"132":{"start":{"line":218,"column":26},"end":{"line":218,"column":38}},"133":{"start":{"line":219,"column":16},"end":{"line":224,"column":null}},"134":{"start":{"line":220,"column":20},"end":{"line":222,"column":null}},"135":{"start":{"line":221,"column":24},"end":{"line":221,"column":37}},"136":{"start":{"line":223,"column":20},"end":{"line":223,"column":26}},"137":{"start":{"line":226,"column":16},"end":{"line":226,"column":28}},"138":{"start":{"line":231,"column":8},"end":{"line":231,"column":21}},"139":{"start":{"line":236,"column":8},"end":{"line":236,"column":55}},"140":{"start":{"line":236,"column":42},"end":{"line":236,"column":55}},"141":{"start":{"line":238,"column":8},"end":{"line":241,"column":null}},"142":{"start":{"line":239,"column":12},"end":{"line":239,"column":34}},"143":{"start":{"line":240,"column":12},"end":{"line":240,"column":24}},"144":{"start":{"line":243,"column":21},"end":{"line":243,"column":42}},"145":{"start":{"line":244,"column":21},"end":{"line":244,"column":42}},"146":{"start":{"line":246,"column":8},"end":{"line":246,"column":67}},"147":{"start":{"line":250,"column":8},"end":{"line":303,"column":null}},"148":{"start":{"line":251,"column":12},"end":{"line":255,"column":null}},"149":{"start":{"line":252,"column":16},"end":{"line":252,"column":39}},"150":{"start":{"line":254,"column":16},"end":{"line":254,"column":40}},"151":{"start":{"line":256,"column":12},"end":{"line":256,"column":71}},"152":{"start":{"line":258,"column":15},"end":{"line":303,"column":null}},"153":{"start":{"line":260,"column":12},"end":{"line":272,"column":null}},"154":{"start":{"line":261,"column":16},"end":{"line":265,"column":null}},"155":{"start":{"line":262,"column":20},"end":{"line":262,"column":49}},"156":{"start":{"line":263,"column":23},"end":{"line":265,"column":null}},"157":{"start":{"line":264,"column":20},"end":{"line":264,"column":49}},"158":{"start":{"line":266,"column":19},"end":{"line":272,"column":null}},"159":{"start":{"line":267,"column":16},"end":{"line":271,"column":null}},"160":{"start":{"line":268,"column":20},"end":{"line":268,"column":49}},"161":{"start":{"line":269,"column":23},"end":{"line":271,"column":null}},"162":{"start":{"line":270,"column":20},"end":{"line":270,"column":49}},"163":{"start":{"line":274,"column":12},"end":{"line":274,"column":71}},"164":{"start":{"line":277,"column":15},"end":{"line":303,"column":null}},"165":{"start":{"line":279,"column":12},"end":{"line":287,"column":null}},"166":{"start":{"line":280,"column":16},"end":{"line":280,"column":46}},"167":{"start":{"line":281,"column":19},"end":{"line":287,"column":null}},"168":{"start":{"line":282,"column":16},"end":{"line":286,"column":null}},"169":{"start":{"line":283,"column":20},"end":{"line":283,"column":49}},"170":{"start":{"line":284,"column":23},"end":{"line":286,"column":null}},"171":{"start":{"line":285,"column":20},"end":{"line":285,"column":49}},"172":{"start":{"line":291,"column":12},"end":{"line":301,"column":null}},"173":{"start":{"line":292,"column":16},"end":{"line":292,"column":46}},"174":{"start":{"line":293,"column":19},"end":{"line":301,"column":null}},"175":{"start":{"line":294,"column":16},"end":{"line":297,"column":null}},"176":{"start":{"line":295,"column":20},"end":{"line":295,"column":49}},"177":{"start":{"line":296,"column":20},"end":{"line":296,"column":49}},"178":{"start":{"line":299,"column":16},"end":{"line":299,"column":75}},"179":{"start":{"line":305,"column":8},"end":{"line":305,"column":20}},"180":{"start":{"line":310,"column":8},"end":{"line":310,"column":55}},"181":{"start":{"line":310,"column":42},"end":{"line":310,"column":55}},"182":{"start":{"line":312,"column":19},"end":{"line":312,"column":40}},"183":{"start":{"line":314,"column":8},"end":{"line":314,"column":53}},"184":{"start":{"line":315,"column":8},"end":{"line":315,"column":36}},"185":{"start":{"line":317,"column":8},"end":{"line":317,"column":20}},"186":{"start":{"line":321,"column":8},"end":{"line":321,"column":75}},"187":{"start":{"line":321,"column":39},"end":{"line":321,"column":75}},"188":{"start":{"line":323,"column":8},"end":{"line":323,"column":null}},"189":{"start":{"line":327,"column":8},"end":{"line":327,"column":27}},"190":{"start":{"line":333,"column":34},"end":{"line":333,"column":78}},"191":{"start":{"line":334,"column":23},"end":{"line":345,"column":93}},"192":{"start":{"line":347,"column":24},"end":{"line":347,"column":26}},"193":{"start":{"line":348,"column":24},"end":{"line":350,"column":90}},"194":{"start":{"line":353,"column":19},"end":{"line":353,"column":27}},"195":{"start":{"line":354,"column":16},"end":{"line":354,"column":17}},"196":{"start":{"line":356,"column":8},"end":{"line":381,"column":null}},"197":{"start":{"line":356,"column":20},"end":{"line":356,"column":21}},"198":{"start":{"line":358,"column":27},"end":{"line":358,"column":36}},"199":{"start":{"line":360,"column":12},"end":{"line":364,"column":null}},"200":{"start":{"line":361,"column":16},"end":{"line":361,"column":32}},"201":{"start":{"line":363,"column":16},"end":{"line":363,"column":33}},"202":{"start":{"line":366,"column":12},"end":{"line":368,"column":null}},"203":{"start":{"line":367,"column":16},"end":{"line":367,"column":36}},"204":{"start":{"line":370,"column":12},"end":{"line":372,"column":null}},"205":{"start":{"line":371,"column":16},"end":{"line":371,"column":25}},"206":{"start":{"line":374,"column":12},"end":{"line":376,"column":null}},"207":{"start":{"line":375,"column":16},"end":{"line":375,"column":null}},"208":{"start":{"line":378,"column":12},"end":{"line":378,"column":60}},"209":{"start":{"line":379,"column":12},"end":{"line":379,"column":16}},"210":{"start":{"line":383,"column":8},"end":{"line":385,"column":null}},"211":{"start":{"line":384,"column":12},"end":{"line":384,"column":70}},"212":{"start":{"line":387,"column":8},"end":{"line":387,"column":14}},"213":{"start":{"line":388,"column":8},"end":{"line":394,"column":null}},"214":{"start":{"line":388,"column":20},"end":{"line":388,"column":21}},"215":{"start":{"line":390,"column":12},"end":{"line":393,"column":null}},"216":{"start":{"line":390,"column":24},"end":{"line":390,"column":25}},"217":{"start":{"line":391,"column":16},"end":{"line":391,"column":70}},"218":{"start":{"line":392,"column":16},"end":{"line":392,"column":20}},"219":{"start":{"line":399,"column":8},"end":{"line":399,"column":79}},"220":{"start":{"line":400,"column":8},"end":{"line":400,"column":49}},"221":{"start":{"line":401,"column":8},"end":{"line":401,"column":94}},"222":{"start":{"line":402,"column":8},"end":{"line":402,"column":49}},"223":{"start":{"line":403,"column":8},"end":{"line":403,"column":94}},"224":{"start":{"line":404,"column":8},"end":{"line":404,"column":49}},"225":{"start":{"line":405,"column":8},"end":{"line":405,"column":94}},"226":{"start":{"line":406,"column":8},"end":{"line":406,"column":49}},"227":{"start":{"line":407,"column":8},"end":{"line":407,"column":77}},"228":{"start":{"line":408,"column":8},"end":{"line":408,"column":49}},"229":{"start":{"line":411,"column":8},"end":{"line":411,"column":78}},"230":{"start":{"line":412,"column":8},"end":{"line":412,"column":80}},"231":{"start":{"line":413,"column":8},"end":{"line":413,"column":76}},"232":{"start":{"line":414,"column":8},"end":{"line":414,"column":81}},"233":{"start":{"line":415,"column":8},"end":{"line":415,"column":108}},"234":{"start":{"line":416,"column":8},"end":{"line":416,"column":81}},"235":{"start":{"line":417,"column":8},"end":{"line":417,"column":76}},"236":{"start":{"line":418,"column":8},"end":{"line":418,"column":81}},"237":{"start":{"line":419,"column":8},"end":{"line":419,"column":60}},"238":{"start":{"line":420,"column":8},"end":{"line":420,"column":79}},"239":{"start":{"line":423,"column":8},"end":{"line":423,"column":60}},"240":{"start":{"line":424,"column":8},"end":{"line":424,"column":79}},"241":{"start":{"line":425,"column":8},"end":{"line":425,"column":173}},"242":{"start":{"line":426,"column":8},"end":{"line":426,"column":48}},"243":{"start":{"line":427,"column":8},"end":{"line":427,"column":107}},"244":{"start":{"line":428,"column":8},"end":{"line":428,"column":48}},"245":{"start":{"line":429,"column":8},"end":{"line":429,"column":173}},"246":{"start":{"line":430,"column":8},"end":{"line":430,"column":48}},"247":{"start":{"line":431,"column":8},"end":{"line":431,"column":58}},"248":{"start":{"line":432,"column":8},"end":{"line":432,"column":79}},"249":{"start":{"line":435,"column":8},"end":{"line":435,"column":90}},"250":{"start":{"line":436,"column":8},"end":{"line":436,"column":78}},"251":{"start":{"line":437,"column":8},"end":{"line":437,"column":106}},"252":{"start":{"line":438,"column":8},"end":{"line":438,"column":48}},"253":{"start":{"line":439,"column":8},"end":{"line":439,"column":170}},"254":{"start":{"line":440,"column":8},"end":{"line":440,"column":48}},"255":{"start":{"line":441,"column":8},"end":{"line":441,"column":106}},"256":{"start":{"line":442,"column":8},"end":{"line":442,"column":48}},"257":{"start":{"line":443,"column":8},"end":{"line":443,"column":90}},"258":{"start":{"line":444,"column":8},"end":{"line":444,"column":78}},"259":{"start":{"line":447,"column":8},"end":{"line":447,"column":58}},"260":{"start":{"line":448,"column":8},"end":{"line":448,"column":78}},"261":{"start":{"line":449,"column":8},"end":{"line":449,"column":170}},"262":{"start":{"line":450,"column":8},"end":{"line":450,"column":48}},"263":{"start":{"line":451,"column":8},"end":{"line":451,"column":106}},"264":{"start":{"line":452,"column":8},"end":{"line":452,"column":48}},"265":{"start":{"line":453,"column":8},"end":{"line":453,"column":170}},"266":{"start":{"line":454,"column":8},"end":{"line":454,"column":48}},"267":{"start":{"line":455,"column":8},"end":{"line":455,"column":58}},"268":{"start":{"line":456,"column":8},"end":{"line":456,"column":78}},"269":{"start":{"line":459,"column":8},"end":{"line":459,"column":58}},"270":{"start":{"line":460,"column":8},"end":{"line":460,"column":94}},"271":{"start":{"line":461,"column":8},"end":{"line":461,"column":58}},"272":{"start":{"line":462,"column":8},"end":{"line":462,"column":78}},"273":{"start":{"line":463,"column":8},"end":{"line":463,"column":58}},"274":{"start":{"line":464,"column":8},"end":{"line":464,"column":94}},"275":{"start":{"line":465,"column":8},"end":{"line":465,"column":58}},"276":{"start":{"line":466,"column":8},"end":{"line":466,"column":78}},"277":{"start":{"line":467,"column":8},"end":{"line":467,"column":58}},"278":{"start":{"line":468,"column":8},"end":{"line":468,"column":94}},"279":{"start":{"line":471,"column":8},"end":{"line":471,"column":58}},"280":{"start":{"line":472,"column":8},"end":{"line":472,"column":94}},"281":{"start":{"line":473,"column":8},"end":{"line":473,"column":58}},"282":{"start":{"line":474,"column":8},"end":{"line":474,"column":78}},"283":{"start":{"line":475,"column":8},"end":{"line":475,"column":90}},"284":{"start":{"line":476,"column":8},"end":{"line":476,"column":94}},"285":{"start":{"line":477,"column":8},"end":{"line":477,"column":58}},"286":{"start":{"line":478,"column":8},"end":{"line":478,"column":78}},"287":{"start":{"line":479,"column":8},"end":{"line":479,"column":58}},"288":{"start":{"line":480,"column":8},"end":{"line":480,"column":94}},"289":{"start":{"line":482,"column":8},"end":{"line":482,"column":58}},"290":{"start":{"line":483,"column":8},"end":{"line":483,"column":78}},"291":{"start":{"line":484,"column":8},"end":{"line":484,"column":170}},"292":{"start":{"line":485,"column":8},"end":{"line":485,"column":48}},"293":{"start":{"line":486,"column":8},"end":{"line":486,"column":106}},"294":{"start":{"line":487,"column":8},"end":{"line":487,"column":48}},"295":{"start":{"line":488,"column":8},"end":{"line":488,"column":170}},"296":{"start":{"line":489,"column":8},"end":{"line":489,"column":48}},"297":{"start":{"line":490,"column":8},"end":{"line":490,"column":58}},"298":{"start":{"line":491,"column":8},"end":{"line":491,"column":78}},"299":{"start":{"line":493,"column":8},"end":{"line":493,"column":90}},"300":{"start":{"line":494,"column":8},"end":{"line":494,"column":78}},"301":{"start":{"line":495,"column":8},"end":{"line":495,"column":106}},"302":{"start":{"line":496,"column":8},"end":{"line":496,"column":48}},"303":{"start":{"line":497,"column":8},"end":{"line":497,"column":170}},"304":{"start":{"line":498,"column":8},"end":{"line":498,"column":48}},"305":{"start":{"line":499,"column":8},"end":{"line":499,"column":106}},"306":{"start":{"line":500,"column":8},"end":{"line":500,"column":48}},"307":{"start":{"line":501,"column":8},"end":{"line":501,"column":90}},"308":{"start":{"line":502,"column":8},"end":{"line":502,"column":78}},"309":{"start":{"line":504,"column":8},"end":{"line":504,"column":58}},"310":{"start":{"line":505,"column":8},"end":{"line":505,"column":78}},"311":{"start":{"line":506,"column":8},"end":{"line":506,"column":170}},"312":{"start":{"line":507,"column":8},"end":{"line":507,"column":48}},"313":{"start":{"line":508,"column":8},"end":{"line":508,"column":106}},"314":{"start":{"line":509,"column":8},"end":{"line":509,"column":48}},"315":{"start":{"line":510,"column":8},"end":{"line":510,"column":170}},"316":{"start":{"line":511,"column":8},"end":{"line":511,"column":48}},"317":{"start":{"line":512,"column":8},"end":{"line":512,"column":58}},"318":{"start":{"line":513,"column":8},"end":{"line":513,"column":78}},"319":{"start":{"line":515,"column":8},"end":{"line":515,"column":90}},"320":{"start":{"line":516,"column":8},"end":{"line":516,"column":78}},"321":{"start":{"line":517,"column":8},"end":{"line":517,"column":74}},"322":{"start":{"line":518,"column":8},"end":{"line":518,"column":78}},"323":{"start":{"line":519,"column":8},"end":{"line":519,"column":74}},"324":{"start":{"line":520,"column":8},"end":{"line":520,"column":78}},"325":{"start":{"line":521,"column":8},"end":{"line":521,"column":74}},"326":{"start":{"line":522,"column":8},"end":{"line":522,"column":78}},"327":{"start":{"line":523,"column":8},"end":{"line":523,"column":74}},"328":{"start":{"line":524,"column":8},"end":{"line":524,"column":78}},"329":{"start":{"line":526,"column":8},"end":{"line":526,"column":74}},"330":{"start":{"line":527,"column":8},"end":{"line":527,"column":48}},"331":{"start":{"line":528,"column":8},"end":{"line":528,"column":90}},"332":{"start":{"line":529,"column":8},"end":{"line":529,"column":48}},"333":{"start":{"line":530,"column":8},"end":{"line":530,"column":90}},"334":{"start":{"line":531,"column":8},"end":{"line":531,"column":48}},"335":{"start":{"line":532,"column":8},"end":{"line":532,"column":90}},"336":{"start":{"line":533,"column":8},"end":{"line":533,"column":48}},"337":{"start":{"line":534,"column":8},"end":{"line":534,"column":74}},"338":{"start":{"line":535,"column":8},"end":{"line":535,"column":48}},"339":{"start":{"line":537,"column":8},"end":{"line":537,"column":24}},"340":{"start":{"line":15,"column":0},"end":{"line":15,"column":13}}},"fnMap":{"0":{"name":"(anonymous_0)","decl":{"start":{"line":20,"column":4},"end":{"line":20,"column":16}},"loc":{"start":{"line":20,"column":40},"end":{"line":29,"column":5}}},"1":{"name":"(anonymous_1)","decl":{"start":{"line":30,"column":4},"end":{"line":30,"column":15}},"loc":{"start":{"line":30,"column":15},"end":{"line":32,"column":5}}},"2":{"name":"(anonymous_2)","decl":{"start":{"line":34,"column":4},"end":{"line":34,"column":15}},"loc":{"start":{"line":34,"column":46},"end":{"line":93,"column":5}}},"3":{"name":"(anonymous_3)","decl":{"start":{"line":95,"column":12},"end":{"line":95,"column":25}},"loc":{"start":{"line":95,"column":39},"end":{"line":99,"column":5}}},"4":{"name":"(anonymous_4)","decl":{"start":{"line":101,"column":4},"end":{"line":101,"column":14}},"loc":{"start":{"line":101,"column":43},"end":{"line":104,"column":5}}},"5":{"name":"(anonymous_5)","decl":{"start":{"line":106,"column":4},"end":{"line":106,"column":14}},"loc":{"start":{"line":106,"column":28},"end":{"line":110,"column":5}}},"6":{"name":"(anonymous_6)","decl":{"start":{"line":112,"column":4},"end":{"line":112,"column":15}},"loc":{"start":{"line":112,"column":46},"end":{"line":233,"column":5}}},"7":{"name":"(anonymous_7)","decl":{"start":{"line":140,"column":56},"end":{"line":140,"column":65}},"loc":{"start":{"line":140,"column":81},"end":{"line":142,"column":13}}},"8":{"name":"(anonymous_8)","decl":{"start":{"line":155,"column":42},"end":{"line":155,"column":52}},"loc":{"start":{"line":155,"column":60},"end":{"line":157,"column":17}}},"9":{"name":"(anonymous_9)","decl":{"start":{"line":235,"column":4},"end":{"line":235,"column":12}},"loc":{"start":{"line":235,"column":43},"end":{"line":307,"column":5}}},"10":{"name":"(anonymous_10)","decl":{"start":{"line":309,"column":4},"end":{"line":309,"column":8}},"loc":{"start":{"line":309,"column":39},"end":{"line":318,"column":5}}},"11":{"name":"(anonymous_11)","decl":{"start":{"line":320,"column":4},"end":{"line":320,"column":12}},"loc":{"start":{"line":320,"column":27},"end":{"line":324,"column":5}}},"12":{"name":"(anonymous_12)","decl":{"start":{"line":326,"column":4},"end":{"line":326,"column":13}},"loc":{"start":{"line":326,"column":13},"end":{"line":328,"column":5}}},"13":{"name":"(anonymous_13)","decl":{"start":{"line":330,"column":12},"end":{"line":330,"column":26}},"loc":{"start":{"line":330,"column":41},"end":{"line":538,"column":5}}}},"branchMap":{"0":{"loc":{"start":{"line":20,"column":16},"end":{"line":20,"column":40}},"type":"default-arg","locations":[{"start":{"line":20,"column":38},"end":{"line":20,"column":40}}]},"1":{"loc":{"start":{"line":24,"column":8},"end":{"line":28,"column":null}},"type":"if","locations":[{"start":{"line":24,"column":8},"end":{"line":28,"column":null}},{"start":{"line":25,"column":13},"end":{"line":28,"column":null}}]},"2":{"loc":{"start":{"line":35,"column":8},"end":{"line":35,"column":90}},"type":"if","locations":[{"start":{"line":35,"column":8},"end":{"line":35,"column":90}}]},"3":{"loc":{"start":{"line":36,"column":8},"end":{"line":36,"column":90}},"type":"if","locations":[{"start":{"line":36,"column":8},"end":{"line":36,"column":90}}]},"4":{"loc":{"start":{"line":41,"column":8},"end":{"line":45,"column":null}},"type":"if","locations":[{"start":{"line":41,"column":8},"end":{"line":45,"column":null}},{"start":{"line":43,"column":15},"end":{"line":45,"column":null}}]},"5":{"loc":{"start":{"line":41,"column":11},"end":{"line":41,"column":68}},"type":"binary-expr","locations":[{"start":{"line":41,"column":11},"end":{"line":41,"column":37}},{"start":{"line":41,"column":41},"end":{"line":41,"column":68}}]},"6":{"loc":{"start":{"line":43,"column":15},"end":{"line":45,"column":null}},"type":"if","locations":[{"start":{"line":43,"column":15},"end":{"line":45,"column":null}}]},"7":{"loc":{"start":{"line":43,"column":18},"end":{"line":43,"column":75}},"type":"binary-expr","locations":[{"start":{"line":43,"column":18},"end":{"line":43,"column":45}},{"start":{"line":43,"column":49},"end":{"line":43,"column":75}}]},"8":{"loc":{"start":{"line":47,"column":8},"end":{"line":90,"column":null}},"type":"if","locations":[{"start":{"line":47,"column":8},"end":{"line":90,"column":null}},{"start":{"line":68,"column":15},"end":{"line":90,"column":null}}]},"9":{"loc":{"start":{"line":49,"column":12},"end":{"line":53,"column":null}},"type":"if","locations":[{"start":{"line":49,"column":12},"end":{"line":53,"column":null}},{"start":{"line":51,"column":19},"end":{"line":53,"column":null}}]},"10":{"loc":{"start":{"line":50,"column":23},"end":{"line":50,"column":75}},"type":"binary-expr","locations":[{"start":{"line":50,"column":23},"end":{"line":50,"column":37}},{"start":{"line":50,"column":42},"end":{"line":50,"column":56}},{"start":{"line":50,"column":60},"end":{"line":50,"column":74}}]},"11":{"loc":{"start":{"line":51,"column":19},"end":{"line":53,"column":null}},"type":"if","locations":[{"start":{"line":51,"column":19},"end":{"line":53,"column":null}}]},"12":{"loc":{"start":{"line":52,"column":23},"end":{"line":52,"column":75}},"type":"binary-expr","locations":[{"start":{"line":52,"column":23},"end":{"line":52,"column":37}},{"start":{"line":52,"column":42},"end":{"line":52,"column":56}},{"start":{"line":52,"column":60},"end":{"line":52,"column":74}}]},"13":{"loc":{"start":{"line":55,"column":12},"end":{"line":59,"column":null}},"type":"if","locations":[{"start":{"line":55,"column":12},"end":{"line":59,"column":null}},{"start":{"line":57,"column":19},"end":{"line":59,"column":null}}]},"14":{"loc":{"start":{"line":56,"column":23},"end":{"line":56,"column":53}},"type":"binary-expr","locations":[{"start":{"line":56,"column":23},"end":{"line":56,"column":36}},{"start":{"line":56,"column":40},"end":{"line":56,"column":53}}]},"15":{"loc":{"start":{"line":57,"column":19},"end":{"line":59,"column":null}},"type":"if","locations":[{"start":{"line":57,"column":19},"end":{"line":59,"column":null}}]},"16":{"loc":{"start":{"line":58,"column":23},"end":{"line":58,"column":53}},"type":"binary-expr","locations":[{"start":{"line":58,"column":23},"end":{"line":58,"column":36}},{"start":{"line":58,"column":40},"end":{"line":58,"column":53}}]},"17":{"loc":{"start":{"line":61,"column":12},"end":{"line":66,"column":null}},"type":"if","locations":[{"start":{"line":61,"column":12},"end":{"line":66,"column":null}},{"start":{"line":64,"column":17},"end":{"line":66,"column":null}}]},"18":{"loc":{"start":{"line":64,"column":17},"end":{"line":66,"column":null}},"type":"if","locations":[{"start":{"line":64,"column":17},"end":{"line":66,"column":null}}]},"19":{"loc":{"start":{"line":68,"column":15},"end":{"line":90,"column":null}},"type":"if","locations":[{"start":{"line":68,"column":15},"end":{"line":90,"column":null}}]},"20":{"loc":{"start":{"line":71,"column":12},"end":{"line":75,"column":null}},"type":"if","locations":[{"start":{"line":71,"column":12},"end":{"line":75,"column":null}},{"start":{"line":73,"column":19},"end":{"line":75,"column":null}}]},"21":{"loc":{"start":{"line":72,"column":23},"end":{"line":72,"column":76}},"type":"binary-expr","locations":[{"start":{"line":72,"column":23},"end":{"line":72,"column":38}},{"start":{"line":72,"column":43},"end":{"line":72,"column":57}},{"start":{"line":72,"column":61},"end":{"line":72,"column":75}}]},"22":{"loc":{"start":{"line":73,"column":19},"end":{"line":75,"column":null}},"type":"if","locations":[{"start":{"line":73,"column":19},"end":{"line":75,"column":null}}]},"23":{"loc":{"start":{"line":74,"column":23},"end":{"line":74,"column":76}},"type":"binary-expr","locations":[{"start":{"line":74,"column":23},"end":{"line":74,"column":38}},{"start":{"line":74,"column":43},"end":{"line":74,"column":57}},{"start":{"line":74,"column":61},"end":{"line":74,"column":75}}]},"24":{"loc":{"start":{"line":77,"column":12},"end":{"line":81,"column":null}},"type":"if","locations":[{"start":{"line":77,"column":12},"end":{"line":81,"column":null}},{"start":{"line":79,"column":19},"end":{"line":81,"column":null}}]},"25":{"loc":{"start":{"line":78,"column":23},"end":{"line":78,"column":55}},"type":"binary-expr","locations":[{"start":{"line":78,"column":23},"end":{"line":78,"column":37}},{"start":{"line":78,"column":41},"end":{"line":78,"column":55}}]},"26":{"loc":{"start":{"line":79,"column":19},"end":{"line":81,"column":null}},"type":"if","locations":[{"start":{"line":79,"column":19},"end":{"line":81,"column":null}}]},"27":{"loc":{"start":{"line":80,"column":23},"end":{"line":80,"column":55}},"type":"binary-expr","locations":[{"start":{"line":80,"column":23},"end":{"line":80,"column":37}},{"start":{"line":80,"column":41},"end":{"line":80,"column":55}}]},"28":{"loc":{"start":{"line":83,"column":12},"end":{"line":88,"column":null}},"type":"if","locations":[{"start":{"line":83,"column":12},"end":{"line":88,"column":null}},{"start":{"line":86,"column":17},"end":{"line":88,"column":null}}]},"29":{"loc":{"start":{"line":86,"column":17},"end":{"line":88,"column":null}},"type":"if","locations":[{"start":{"line":86,"column":17},"end":{"line":88,"column":null}}]},"30":{"loc":{"start":{"line":96,"column":8},"end":{"line":96,"column":68}},"type":"if","locations":[{"start":{"line":96,"column":8},"end":{"line":96,"column":68}}]},"31":{"loc":{"start":{"line":96,"column":11},"end":{"line":96,"column":53}},"type":"binary-expr","locations":[{"start":{"line":96,"column":11},"end":{"line":96,"column":22}},{"start":{"line":96,"column":26},"end":{"line":96,"column":53}}]},"32":{"loc":{"start":{"line":97,"column":8},"end":{"line":97,"column":77}},"type":"if","locations":[{"start":{"line":97,"column":8},"end":{"line":97,"column":77}}]},"33":{"loc":{"start":{"line":97,"column":11},"end":{"line":97,"column":62}},"type":"binary-expr","locations":[{"start":{"line":97,"column":11},"end":{"line":97,"column":22}},{"start":{"line":97,"column":26},"end":{"line":97,"column":62}}]},"34":{"loc":{"start":{"line":102,"column":8},"end":{"line":102,"column":88}},"type":"if","locations":[{"start":{"line":102,"column":8},"end":{"line":102,"column":88}}]},"35":{"loc":{"start":{"line":108,"column":8},"end":{"line":108,"column":88}},"type":"if","locations":[{"start":{"line":108,"column":8},"end":{"line":108,"column":88}}]},"36":{"loc":{"start":{"line":114,"column":8},"end":{"line":114,"column":52}},"type":"if","locations":[{"start":{"line":114,"column":8},"end":{"line":114,"column":52}}]},"37":{"loc":{"start":{"line":115,"column":8},"end":{"line":115,"column":51}},"type":"if","locations":[{"start":{"line":115,"column":8},"end":{"line":115,"column":51}}]},"38":{"loc":{"start":{"line":116,"column":8},"end":{"line":116,"column":72}},"type":"if","locations":[{"start":{"line":116,"column":8},"end":{"line":116,"column":72}}]},"39":{"loc":{"start":{"line":116,"column":11},"end":{"line":116,"column":57}},"type":"binary-expr","locations":[{"start":{"line":116,"column":11},"end":{"line":116,"column":32}},{"start":{"line":116,"column":36},"end":{"line":116,"column":57}}]},"40":{"loc":{"start":{"line":125,"column":8},"end":{"line":125,"column":52}},"type":"if","locations":[{"start":{"line":125,"column":8},"end":{"line":125,"column":52}}]},"41":{"loc":{"start":{"line":126,"column":8},"end":{"line":126,"column":51}},"type":"if","locations":[{"start":{"line":126,"column":8},"end":{"line":126,"column":51}}]},"42":{"loc":{"start":{"line":127,"column":8},"end":{"line":127,"column":55}},"type":"if","locations":[{"start":{"line":127,"column":8},"end":{"line":127,"column":55}}]},"43":{"loc":{"start":{"line":130,"column":8},"end":{"line":130,"column":57}},"type":"if","locations":[{"start":{"line":130,"column":8},"end":{"line":130,"column":57}}]},"44":{"loc":{"start":{"line":132,"column":8},"end":{"line":132,"column":63}},"type":"if","locations":[{"start":{"line":132,"column":8},"end":{"line":132,"column":63}}]},"45":{"loc":{"start":{"line":133,"column":8},"end":{"line":133,"column":90}},"type":"if","locations":[{"start":{"line":133,"column":8},"end":{"line":133,"column":90}}]},"46":{"loc":{"start":{"line":133,"column":11},"end":{"line":133,"column":75}},"type":"binary-expr","locations":[{"start":{"line":133,"column":11},"end":{"line":133,"column":52}},{"start":{"line":133,"column":56},"end":{"line":133,"column":75}}]},"47":{"loc":{"start":{"line":135,"column":8},"end":{"line":161,"column":null}},"type":"if","locations":[{"start":{"line":135,"column":8},"end":{"line":161,"column":null}}]},"48":{"loc":{"start":{"line":148,"column":16},"end":{"line":148,"column":47}},"type":"if","locations":[{"start":{"line":148,"column":16},"end":{"line":148,"column":47}}]},"49":{"loc":{"start":{"line":149,"column":16},"end":{"line":149,"column":51}},"type":"if","locations":[{"start":{"line":149,"column":16},"end":{"line":149,"column":51}}]},"50":{"loc":{"start":{"line":151,"column":16},"end":{"line":151,"column":45}},"type":"if","locations":[{"start":{"line":151,"column":16},"end":{"line":151,"column":45}}]},"51":{"loc":{"start":{"line":168,"column":12},"end":{"line":170,"column":null}},"type":"if","locations":[{"start":{"line":168,"column":12},"end":{"line":170,"column":null}}]},"52":{"loc":{"start":{"line":174,"column":8},"end":{"line":174,"column":93}},"type":"if","locations":[{"start":{"line":174,"column":8},"end":{"line":174,"column":93}}]},"53":{"loc":{"start":{"line":174,"column":11},"end":{"line":174,"column":79}},"type":"binary-expr","locations":[{"start":{"line":174,"column":11},"end":{"line":174,"column":25}},{"start":{"line":174,"column":29},"end":{"line":174,"column":43}},{"start":{"line":174,"column":47},"end":{"line":174,"column":61}},{"start":{"line":174,"column":65},"end":{"line":174,"column":79}}]},"54":{"loc":{"start":{"line":175,"column":8},"end":{"line":175,"column":93}},"type":"if","locations":[{"start":{"line":175,"column":8},"end":{"line":175,"column":93}}]},"55":{"loc":{"start":{"line":175,"column":11},"end":{"line":175,"column":79}},"type":"binary-expr","locations":[{"start":{"line":175,"column":11},"end":{"line":175,"column":25}},{"start":{"line":175,"column":29},"end":{"line":175,"column":43}},{"start":{"line":175,"column":47},"end":{"line":175,"column":61}},{"start":{"line":175,"column":65},"end":{"line":175,"column":79}}]},"56":{"loc":{"start":{"line":177,"column":8},"end":{"line":229,"column":null}},"type":"if","locations":[{"start":{"line":177,"column":8},"end":{"line":229,"column":null}},{"start":{"line":203,"column":15},"end":{"line":229,"column":null}}]},"57":{"loc":{"start":{"line":177,"column":12},"end":{"line":177,"column":110}},"type":"binary-expr","locations":[{"start":{"line":177,"column":13},"end":{"line":177,"column":34}},{"start":{"line":177,"column":40},"end":{"line":177,"column":54}},{"start":{"line":177,"column":58},"end":{"line":177,"column":72}},{"start":{"line":177,"column":76},"end":{"line":177,"column":90}},{"start":{"line":177,"column":94},"end":{"line":177,"column":109}}]},"58":{"loc":{"start":{"line":179,"column":12},"end":{"line":201,"column":null}},"type":"if","locations":[{"start":{"line":179,"column":12},"end":{"line":201,"column":null}},{"start":{"line":190,"column":19},"end":{"line":201,"column":null}}]},"59":{"loc":{"start":{"line":182,"column":20},"end":{"line":184,"column":null}},"type":"if","locations":[{"start":{"line":182,"column":20},"end":{"line":184,"column":null}}]},"60":{"loc":{"start":{"line":194,"column":20},"end":{"line":196,"column":null}},"type":"if","locations":[{"start":{"line":194,"column":20},"end":{"line":196,"column":null}}]},"61":{"loc":{"start":{"line":203,"column":15},"end":{"line":229,"column":null}},"type":"if","locations":[{"start":{"line":203,"column":15},"end":{"line":229,"column":null}}]},"62":{"loc":{"start":{"line":203,"column":19},"end":{"line":203,"column":80}},"type":"binary-expr","locations":[{"start":{"line":203,"column":20},"end":{"line":203,"column":41}},{"start":{"line":203,"column":47},"end":{"line":203,"column":61}},{"start":{"line":203,"column":65},"end":{"line":203,"column":79}}]},"63":{"loc":{"start":{"line":205,"column":12},"end":{"line":227,"column":null}},"type":"if","locations":[{"start":{"line":205,"column":12},"end":{"line":227,"column":null}},{"start":{"line":216,"column":19},"end":{"line":227,"column":null}}]},"64":{"loc":{"start":{"line":208,"column":20},"end":{"line":210,"column":null}},"type":"if","locations":[{"start":{"line":208,"column":20},"end":{"line":210,"column":null}}]},"65":{"loc":{"start":{"line":220,"column":20},"end":{"line":222,"column":null}},"type":"if","locations":[{"start":{"line":220,"column":20},"end":{"line":222,"column":null}}]},"66":{"loc":{"start":{"line":236,"column":8},"end":{"line":236,"column":55}},"type":"if","locations":[{"start":{"line":236,"column":8},"end":{"line":236,"column":55}}]},"67":{"loc":{"start":{"line":238,"column":8},"end":{"line":241,"column":null}},"type":"if","locations":[{"start":{"line":238,"column":8},"end":{"line":241,"column":null}}]},"68":{"loc":{"start":{"line":250,"column":8},"end":{"line":303,"column":null}},"type":"if","locations":[{"start":{"line":250,"column":8},"end":{"line":303,"column":null}},{"start":{"line":258,"column":15},"end":{"line":303,"column":null}}]},"69":{"loc":{"start":{"line":251,"column":12},"end":{"line":255,"column":null}},"type":"if","locations":[{"start":{"line":251,"column":12},"end":{"line":255,"column":null}},{"start":{"line":253,"column":19},"end":{"line":255,"column":null}}]},"70":{"loc":{"start":{"line":258,"column":15},"end":{"line":303,"column":null}},"type":"if","locations":[{"start":{"line":258,"column":15},"end":{"line":303,"column":null}},{"start":{"line":277,"column":15},"end":{"line":303,"column":null}}]},"71":{"loc":{"start":{"line":258,"column":18},"end":{"line":258,"column":72}},"type":"binary-expr","locations":[{"start":{"line":258,"column":18},"end":{"line":258,"column":43}},{"start":{"line":258,"column":47},"end":{"line":258,"column":72}}]},"72":{"loc":{"start":{"line":260,"column":12},"end":{"line":272,"column":null}},"type":"if","locations":[{"start":{"line":260,"column":12},"end":{"line":272,"column":null}},{"start":{"line":266,"column":19},"end":{"line":272,"column":null}}]},"73":{"loc":{"start":{"line":261,"column":16},"end":{"line":265,"column":null}},"type":"if","locations":[{"start":{"line":261,"column":16},"end":{"line":265,"column":null}},{"start":{"line":263,"column":23},"end":{"line":265,"column":null}}]},"74":{"loc":{"start":{"line":263,"column":23},"end":{"line":265,"column":null}},"type":"if","locations":[{"start":{"line":263,"column":23},"end":{"line":265,"column":null}}]},"75":{"loc":{"start":{"line":266,"column":19},"end":{"line":272,"column":null}},"type":"if","locations":[{"start":{"line":266,"column":19},"end":{"line":272,"column":null}}]},"76":{"loc":{"start":{"line":267,"column":16},"end":{"line":271,"column":null}},"type":"if","locations":[{"start":{"line":267,"column":16},"end":{"line":271,"column":null}},{"start":{"line":269,"column":23},"end":{"line":271,"column":null}}]},"77":{"loc":{"start":{"line":269,"column":23},"end":{"line":271,"column":null}},"type":"if","locations":[{"start":{"line":269,"column":23},"end":{"line":271,"column":null}}]},"78":{"loc":{"start":{"line":277,"column":15},"end":{"line":303,"column":null}},"type":"if","locations":[{"start":{"line":277,"column":15},"end":{"line":303,"column":null}},{"start":{"line":289,"column":15},"end":{"line":303,"column":null}}]},"79":{"loc":{"start":{"line":279,"column":12},"end":{"line":287,"column":null}},"type":"if","locations":[{"start":{"line":279,"column":12},"end":{"line":287,"column":null}},{"start":{"line":281,"column":19},"end":{"line":287,"column":null}}]},"80":{"loc":{"start":{"line":281,"column":19},"end":{"line":287,"column":null}},"type":"if","locations":[{"start":{"line":281,"column":19},"end":{"line":287,"column":null}}]},"81":{"loc":{"start":{"line":282,"column":16},"end":{"line":286,"column":null}},"type":"if","locations":[{"start":{"line":282,"column":16},"end":{"line":286,"column":null}},{"start":{"line":284,"column":23},"end":{"line":286,"column":null}}]},"82":{"loc":{"start":{"line":284,"column":23},"end":{"line":286,"column":null}},"type":"if","locations":[{"start":{"line":284,"column":23},"end":{"line":286,"column":null}}]},"83":{"loc":{"start":{"line":291,"column":12},"end":{"line":301,"column":null}},"type":"if","locations":[{"start":{"line":291,"column":12},"end":{"line":301,"column":null}},{"start":{"line":293,"column":19},"end":{"line":301,"column":null}}]},"84":{"loc":{"start":{"line":293,"column":19},"end":{"line":301,"column":null}},"type":"if","locations":[{"start":{"line":293,"column":19},"end":{"line":301,"column":null}}]},"85":{"loc":{"start":{"line":294,"column":16},"end":{"line":297,"column":null}},"type":"if","locations":[{"start":{"line":294,"column":16},"end":{"line":297,"column":null}}]},"86":{"loc":{"start":{"line":310,"column":8},"end":{"line":310,"column":55}},"type":"if","locations":[{"start":{"line":310,"column":8},"end":{"line":310,"column":55}}]},"87":{"loc":{"start":{"line":321,"column":8},"end":{"line":321,"column":75}},"type":"if","locations":[{"start":{"line":321,"column":8},"end":{"line":321,"column":75}}]},"88":{"loc":{"start":{"line":360,"column":12},"end":{"line":364,"column":null}},"type":"if","locations":[{"start":{"line":360,"column":12},"end":{"line":364,"column":null}},{"start":{"line":362,"column":19},"end":{"line":364,"column":null}}]},"89":{"loc":{"start":{"line":366,"column":12},"end":{"line":368,"column":null}},"type":"if","locations":[{"start":{"line":366,"column":12},"end":{"line":368,"column":null}}]},"90":{"loc":{"start":{"line":370,"column":12},"end":{"line":372,"column":null}},"type":"if","locations":[{"start":{"line":370,"column":12},"end":{"line":372,"column":null}}]},"91":{"loc":{"start":{"line":374,"column":12},"end":{"line":376,"column":null}},"type":"if","locations":[{"start":{"line":374,"column":12},"end":{"line":376,"column":null}}]},"92":{"loc":{"start":{"line":383,"column":8},"end":{"line":385,"column":null}},"type":"if","locations":[{"start":{"line":383,"column":8},"end":{"line":385,"column":null}}]}},"s":{"0":1,"1":1,"2":1,"3":1,"4":1,"5":1,"6":18,"7":18,"8":18,"9":11,"10":7,"11":0,"12":46,"13":0,"14":46,"15":0,"16":46,"17":46,"18":46,"19":3,"20":43,"21":3,"22":40,"23":18,"24":2,"25":16,"26":2,"27":14,"28":3,"29":11,"30":2,"31":9,"32":0,"33":9,"34":0,"35":22,"36":22,"37":0,"38":22,"39":1,"40":21,"41":7,"42":14,"43":0,"44":14,"45":6,"46":8,"47":0,"48":17,"49":605,"50":6,"51":599,"52":2,"53":597,"54":59,"55":4,"56":55,"57":357,"58":4,"59":353,"60":22,"61":0,"62":22,"63":0,"64":22,"65":0,"66":22,"67":22,"68":22,"69":22,"70":22,"71":1,"72":21,"73":1,"74":20,"75":0,"76":20,"77":1,"78":19,"79":0,"80":19,"81":1,"82":18,"83":3,"84":3,"85":3,"86":4,"87":3,"88":38,"89":38,"90":14,"91":24,"92":1,"93":23,"94":23,"95":5,"96":18,"97":18,"98":39,"99":17,"100":17,"101":17,"102":17,"103":17,"104":31,"105":3,"106":14,"107":1,"108":13,"109":0,"110":13,"111":7,"112":4,"113":4,"114":11,"115":1,"116":10,"117":3,"118":3,"119":3,"120":9,"121":0,"122":9,"123":3,"124":6,"125":5,"126":4,"127":4,"128":20,"129":1,"130":19,"131":3,"132":1,"133":1,"134":2,"135":0,"136":2,"137":1,"138":1,"139":12,"140":3,"141":9,"142":9,"143":9,"144":0,"145":0,"146":0,"147":0,"148":0,"149":0,"150":0,"151":0,"152":0,"153":0,"154":0,"155":0,"156":0,"157":0,"158":0,"159":0,"160":0,"161":0,"162":0,"163":0,"164":0,"165":0,"166":0,"167":0,"168":0,"169":0,"170":0,"171":0,"172":0,"173":0,"174":0,"175":0,"176":0,"177":0,"178":0,"179":0,"180":17,"181":0,"182":17,"183":17,"184":17,"185":17,"186":53,"187":0,"188":53,"189":0,"190":18,"191":18,"192":18,"193":18,"194":18,"195":18,"196":18,"197":18,"198":1278,"199":1278,"200":630,"201":648,"202":1278,"203":505,"204":1278,"205":198,"206":1080,"207":0,"208":1080,"209":1080,"210":18,"211":0,"212":18,"213":18,"214":18,"215":216,"216":216,"217":1080,"218":1080,"219":18,"220":18,"221":18,"222":18,"223":18,"224":18,"225":18,"226":18,"227":18,"228":18,"229":18,"230":18,"231":18,"232":18,"233":18,"234":18,"235":18,"236":18,"237":18,"238":18,"239":18,"240":18,"241":18,"242":18,"243":18,"244":18,"245":18,"246":18,"247":18,"248":18,"249":18,"250":18,"251":18,"252":18,"253":18,"254":18,"255":18,"256":18,"257":18,"258":18,"259":18,"260":18,"261":18,"262":18,"263":18,"264":18,"265":18,"266":18,"267":18,"268":18,"269":18,"270":18,"271":18,"272":18,"273":18,"274":18,"275":18,"276":18,"277":18,"278":18,"279":18,"280":18,"281":18,"282":18,"283":18,"284":18,"285":18,"286":18,"287":18,"288":18,"289":18,"290":18,"291":18,"292":18,"293":18,"294":18,"295":18,"296":18,"297":18,"298":18,"299":18,"300":18,"301":18,"302":18,"303":18,"304":18,"305":18,"306":18,"307":18,"308":18,"309":18,"310":18,"311":18,"312":18,"313":18,"314":18,"315":18,"316":18,"317":18,"318":18,"319":18,"320":18,"321":18,"322":18,"323":18,"324":18,"325":18,"326":18,"327":18,"328":18,"329":18,"330":18,"331":18,"332":18,"333":18,"334":18,"335":18,"336":18,"337":18,"338":18,"339":18,"340":1},"f":{"0":18,"1":0,"2":46,"3":605,"4":59,"5":357,"6":22,"7":4,"8":39,"9":12,"10":17,"11":53,"12":0,"13":18},"b":{"0":[11],"1":[11,7],"2":[0],"3":[0],"4":[3,43],"5":[46,21],"6":[3],"7":[43,25],"8":[18,22],"9":[2,16],"10":[2,1,1],"11":[2],"12":[2,1,1],"13":[3,11],"14":[3,2],"15":[2],"16":[2,2],"17":[0,9],"18":[0],"19":[22],"20":[0,22],"21":[0,0,0],"22":[1],"23":[1,1,1],"24":[7,14],"25":[7,2],"26":[0],"27":[0,0],"28":[6,8],"29":[0],"30":[6],"31":[605,601],"32":[2],"33":[599,597],"34":[4],"35":[4],"36":[0],"37":[0],"38":[0],"39":[22,9],"40":[1],"41":[1],"42":[0],"43":[1],"44":[0],"45":[1],"46":[19,2],"47":[3],"48":[14],"49":[1],"50":[5],"51":[3],"52":[1],"53":[14,4,1,1],"54":[0],"55":[13,2,0,0],"56":[7,6],"57":[13,7,6,3,1],"58":[4,3],"59":[1],"60":[0],"61":[5],"62":[6,5,1],"63":[4,1],"64":[1],"65":[0],"66":[3],"67":[9],"68":[0,0],"69":[0,0],"70":[0,0],"71":[0,0],"72":[0,0],"73":[0,0],"74":[0],"75":[0],"76":[0,0],"77":[0],"78":[0,0],"79":[0,0],"80":[0],"81":[0,0],"82":[0],"83":[0,0],"84":[0],"85":[0],"86":[0],"87":[0],"88":[630,648],"89":[505],"90":[198],"91":[0],"92":[0]}}
,"/Users/jasonyl/Desktop/projects/junqiProject/junqi-server/models/Piece.ts": {"path":"/Users/jasonyl/Desktop/projects/junqiProject/junqi-server/models/Piece.ts","statementMap":{"0":{"start":{"line":6,"column":8},"end":{"line":6,"column":22}},"1":{"start":{"line":7,"column":8},"end":{"line":7,"column":23}},"2":{"start":{"line":14,"column":8},"end":{"line":14,"column":48}},"3":{"start":{"line":14,"column":36},"end":{"line":14,"column":48}},"4":{"start":{"line":15,"column":8},"end":{"line":15,"column":53}},"5":{"start":{"line":4,"column":0},"end":{"line":4,"column":13}}},"fnMap":{"0":{"name":"(anonymous_0)","decl":{"start":{"line":5,"column":4},"end":{"line":5,"column":16}},"loc":{"start":{"line":5,"column":32},"end":{"line":8,"column":5}}},"1":{"name":"(anonymous_1)","decl":{"start":{"line":13,"column":4},"end":{"line":13,"column":19}},"loc":{"start":{"line":13,"column":33},"end":{"line":16,"column":5}}}},"branchMap":{"0":{"loc":{"start":{"line":14,"column":8},"end":{"line":14,"column":48}},"type":"if","locations":[{"start":{"line":14,"column":8},"end":{"line":14,"column":48}}]},"1":{"loc":{"start":{"line":15,"column":15},"end":{"line":15,"column":52}},"type":"cond-expr","locations":[{"start":{"line":15,"column":40},"end":{"line":15,"column":44}},{"start":{"line":15,"column":47},"end":{"line":15,"column":52}}]}},"s":{"0":1140,"1":1140,"2":0,"3":0,"4":0,"5":1},"f":{"0":1140,"1":0},"b":{"0":[0],"1":[0,0]}}
,"/Users/jasonyl/Desktop/projects/junqiProject/junqi-server/models/Position.ts": {"path":"/Users/jasonyl/Desktop/projects/junqiProject/junqi-server/models/Position.ts","statementMap":{"0":{"start":{"line":6,"column":8},"end":{"line":6,"column":23}},"1":{"start":{"line":7,"column":8},"end":{"line":7,"column":23}},"2":{"start":{"line":1,"column":0},"end":{"line":1,"column":13}}},"fnMap":{"0":{"name":"(anonymous_0)","decl":{"start":{"line":5,"column":4},"end":{"line":5,"column":16}},"loc":{"start":{"line":5,"column":40},"end":{"line":8,"column":5}}}},"branchMap":{},"s":{"0":319,"1":319,"2":1},"f":{"0":319},"b":{}}
,"/Users/jasonyl/Desktop/projects/junqiProject/junqi-server/models/Tile.ts": {"path":"/Users/jasonyl/Desktop/projects/junqiProject/junqi-server/models/Tile.ts","statementMap":{"0":{"start":{"line":12,"column":8},"end":{"line":12,"column":27}},"1":{"start":{"line":13,"column":8},"end":{"line":13,"column":33}},"2":{"start":{"line":14,"column":8},"end":{"line":14,"column":36}},"3":{"start":{"line":15,"column":8},"end":{"line":15,"column":32}},"4":{"start":{"line":18,"column":8},"end":{"line":18,"column":43}},"5":{"start":{"line":21,"column":8},"end":{"line":21,"column":34}},"6":{"start":{"line":24,"column":8},"end":{"line":24,"column":38}},"7":{"start":{"line":28,"column":8},"end":{"line":28,"column":27}},"8":{"start":{"line":32,"column":8},"end":{"line":32,"column":29}},"9":{"start":{"line":36,"column":8},"end":{"line":36,"column":26}},"10":{"start":{"line":40,"column":8},"end":{"line":40,"column":43}},"11":{"start":{"line":44,"column":8},"end":{"line":44,"column":39}},"12":{"start":{"line":48,"column":8},"end":{"line":48,"column":32}},"13":{"start":{"line":49,"column":8},"end":{"line":49,"column":36}},"14":{"start":{"line":4,"column":0},"end":{"line":4,"column":13}},"15":{"start":{"line":54,"column":0},"end":{"line":54,"column":null}},"16":{"start":{"line":55,"column":4},"end":{"line":55,"column":null}},"17":{"start":{"line":56,"column":4},"end":{"line":56,"column":null}},"18":{"start":{"line":57,"column":4},"end":{"line":57,"column":null}}},"fnMap":{"0":{"name":"(anonymous_0)","decl":{"start":{"line":11,"column":4},"end":{"line":11,"column":16}},"loc":{"start":{"line":11,"column":49},"end":{"line":16,"column":5}}},"1":{"name":"(anonymous_1)","decl":{"start":{"line":17,"column":4},"end":{"line":17,"column":12}},"loc":{"start":{"line":17,"column":12},"end":{"line":19,"column":5}}},"2":{"name":"(anonymous_2)","decl":{"start":{"line":20,"column":4},"end":{"line":20,"column":20}},"loc":{"start":{"line":20,"column":20},"end":{"line":22,"column":5}}},"3":{"name":"(anonymous_3)","decl":{"start":{"line":23,"column":4},"end":{"line":23,"column":24}},"loc":{"start":{"line":23,"column":24},"end":{"line":25,"column":5}}},"4":{"name":"(anonymous_4)","decl":{"start":{"line":27,"column":4},"end":{"line":27,"column":12}},"loc":{"start":{"line":27,"column":26},"end":{"line":29,"column":5}}},"5":{"name":"(anonymous_5)","decl":{"start":{"line":31,"column":4},"end":{"line":31,"column":15}},"loc":{"start":{"line":31,"column":15},"end":{"line":33,"column":5}}},"6":{"name":"(anonymous_6)","decl":{"start":{"line":35,"column":4},"end":{"line":35,"column":12}},"loc":{"start":{"line":35,"column":12},"end":{"line":37,"column":5}}},"7":{"name":"(anonymous_7)","decl":{"start":{"line":39,"column":4},"end":{"line":39,"column":24}},"loc":{"start":{"line":39,"column":43},"end":{"line":41,"column":5}}},"8":{"name":"(anonymous_8)","decl":{"start":{"line":43,"column":4},"end":{"line":43,"column":20}},"loc":{"start":{"line":43,"column":39},"end":{"line":45,"column":5}}},"9":{"name":"(anonymous_9)","decl":{"start":{"line":47,"column":4},"end":{"line":47,"column":16}},"loc":{"start":{"line":47,"column":41},"end":{"line":50,"column":5}}},"10":{"name":"(anonymous_10)","decl":{"start":{"line":54,"column":0},"end":{"line":54,"column":12}},"loc":{"start":{"line":54,"column":20},"end":{"line":58,"column":1}}}},"branchMap":{"0":{"loc":{"start":{"line":54,"column":12},"end":{"line":54,"column":null}},"type":"binary-expr","locations":[{"start":{"line":54,"column":12},"end":{"line":54,"column":20}},{"start":{"line":54,"column":12},"end":{"line":54,"column":null}}]}},"s":{"0":1080,"1":1080,"2":1080,"3":1080,"4":23,"5":17,"6":21,"7":55,"8":0,"9":376,"10":1080,"11":1080,"12":0,"13":0,"14":1,"15":1,"16":1,"17":1,"18":1},"f":{"0":1080,"1":23,"2":17,"3":21,"4":55,"5":0,"6":376,"7":1080,"8":1080,"9":0,"10":1},"b":{"0":[1,1]}}
,"/Users/jasonyl/Desktop/projects/junqiProject/junqi-server/models/interfaces/IBoard.ts": {"path":"/Users/jasonyl/Desktop/projects/junqiProject/junqi-server/models/interfaces/IBoard.ts","statementMap":{"0":{"start":{"line":2,"column":0},"end":{"line":2,"column":45}},"1":{"start":{"line":4,"column":0},"end":{"line":4,"column":34}},"2":{"start":{"line":26,"column":13},"end":{"line":28,"column":null}}},"fnMap":{},"branchMap":{},"s":{"0":1,"1":1,"2":1},"f":{},"b":{}}
,"/Users/jasonyl/Desktop/projects/junqiProject/junqi-server/models/interfaces/IJunqiGame.ts": {"path":"/Users/jasonyl/Desktop/projects/junqiProject/junqi-server/models/interfaces/IJunqiGame.ts","statementMap":{"0":{"start":{"line":3,"column":0},"end":{"line":3,"column":48}},"1":{"start":{"line":4,"column":0},"end":{"line":4,"column":54}},"2":{"start":{"line":23,"column":13},"end":{"line":30,"column":3}},"3":{"start":{"line":32,"column":0},"end":{"line":32,"column":78}},"4":{"start":{"line":34,"column":0},"end":{"line":34,"column":null}},"5":{"start":{"line":35,"column":4},"end":{"line":35,"column":null}},"6":{"start":{"line":36,"column":4},"end":{"line":36,"column":null}},"7":{"start":{"line":37,"column":4},"end":{"line":37,"column":null}}},"fnMap":{"0":{"name":"(anonymous_6)","decl":{"start":{"line":34,"column":0},"end":{"line":34,"column":12}},"loc":{"start":{"line":34,"column":16},"end":{"line":38,"column":1}}}},"branchMap":{"0":{"loc":{"start":{"line":34,"column":12},"end":{"line":34,"column":null}},"type":"binary-expr","locations":[{"start":{"line":34,"column":12},"end":{"line":34,"column":16}},{"start":{"line":34,"column":12},"end":{"line":34,"column":null}}]}},"s":{"0":1,"1":1,"2":1,"3":1,"4":1,"5":1,"6":1,"7":1},"f":{"0":1},"b":{"0":[1,1]}}
,"/Users/jasonyl/Desktop/projects/junqiProject/junqi-server/models/interfaces/IPiece.ts": {"path":"/Users/jasonyl/Desktop/projects/junqiProject/junqi-server/models/interfaces/IPiece.ts","statementMap":{"0":{"start":{"line":2,"column":0},"end":{"line":2,"column":34}},"1":{"start":{"line":11,"column":0},"end":{"line":11,"column":null}},"2":{"start":{"line":12,"column":4},"end":{"line":12,"column":null}},"3":{"start":{"line":13,"column":4},"end":{"line":13,"column":null}},"4":{"start":{"line":14,"column":4},"end":{"line":14,"column":null}},"5":{"start":{"line":15,"column":4},"end":{"line":15,"column":null}},"6":{"start":{"line":16,"column":4},"end":{"line":16,"column":null}},"7":{"start":{"line":17,"column":4},"end":{"line":17,"column":null}},"8":{"start":{"line":18,"column":4},"end":{"line":18,"column":null}},"9":{"start":{"line":19,"column":4},"end":{"line":19,"column":null}},"10":{"start":{"line":20,"column":4},"end":{"line":20,"column":null}},"11":{"start":{"line":21,"column":4},"end":{"line":21,"column":null}},"12":{"start":{"line":22,"column":4},"end":{"line":22,"column":null}},"13":{"start":{"line":23,"column":4},"end":{"line":23,"column":null}},"14":{"start":{"line":24,"column":4},"end":{"line":24,"column":null}},"15":{"start":{"line":27,"column":13},"end":{"line":30,"column":3}}},"fnMap":{"0":{"name":"(anonymous_0)","decl":{"start":{"line":11,"column":0},"end":{"line":11,"column":12}},"loc":{"start":{"line":11,"column":16},"end":{"line":25,"column":1}}}},"branchMap":{"0":{"loc":{"start":{"line":11,"column":12},"end":{"line":11,"column":null}},"type":"binary-expr","locations":[{"start":{"line":11,"column":12},"end":{"line":11,"column":16}},{"start":{"line":11,"column":12},"end":{"line":11,"column":null}}]}},"s":{"0":1,"1":1,"2":1,"3":1,"4":1,"5":1,"6":1,"7":1,"8":1,"9":1,"10":1,"11":1,"12":1,"13":1,"14":1,"15":1},"f":{"0":1},"b":{"0":[1,1]}}
,"/Users/jasonyl/Desktop/projects/junqiProject/junqi-server/models/interfaces/ITile.ts": {"path":"/Users/jasonyl/Desktop/projects/junqiProject/junqi-server/models/interfaces/ITile.ts","statementMap":{"0":{"start":{"line":2,"column":0},"end":{"line":2,"column":48}},"1":{"start":{"line":3,"column":0},"end":{"line":3,"column":34}},"2":{"start":{"line":21,"column":13},"end":{"line":24,"column":null}}},"fnMap":{},"branchMap":{},"s":{"0":1,"1":1,"2":1},"f":{},"b":{}}
}
