TN:
SF:models/JunqiBoard.ts
FN:20,(anonymous_0)
FN:30,(anonymous_1)
FN:34,(anonymous_2)
FN:95,(anonymous_3)
FN:101,(anonymous_4)
FN:106,(anonymous_5)
FN:112,(anonymous_6)
FN:140,(anonymous_7)
FN:155,(anonymous_8)
FN:235,(anonymous_9)
FN:309,(anonymous_10)
FN:320,(anonymous_11)
FN:326,(anonymous_12)
FN:330,(anonymous_13)
FNF:14
FNH:12
FNDA:18,(anonymous_0)
FNDA:0,(anonymous_1)
FNDA:46,(anonymous_2)
FNDA:605,(anonymous_3)
FNDA:59,(anonymous_4)
FNDA:357,(anonymous_5)
FNDA:22,(anonymous_6)
FNDA:4,(anonymous_7)
FNDA:39,(anonymous_8)
FNDA:12,(anonymous_9)
FNDA:17,(anonymous_10)
FNDA:53,(anonymous_11)
FNDA:0,(anonymous_12)
FNDA:18,(anonymous_13)
DA:7,1
DA:8,1
DA:10,1
DA:11,1
DA:12,1
DA:13,1
DA:15,1
DA:21,18
DA:22,18
DA:24,18
DA:27,7
DA:31,0
DA:35,46
DA:36,46
DA:38,46
DA:39,46
DA:41,46
DA:42,3
DA:43,43
DA:44,3
DA:47,40
DA:49,18
DA:50,2
DA:51,16
DA:52,2
DA:55,14
DA:56,3
DA:57,11
DA:58,2
DA:61,9
DA:62,0
DA:64,9
DA:65,0
DA:68,22
DA:71,22
DA:72,0
DA:73,22
DA:74,1
DA:77,21
DA:78,7
DA:79,14
DA:80,0
DA:83,14
DA:84,6
DA:86,8
DA:87,0
DA:92,17
DA:96,605
DA:97,599
DA:98,597
DA:102,59
DA:103,55
DA:108,357
DA:109,353
DA:114,22
DA:115,22
DA:116,22
DA:118,22
DA:119,22
DA:121,22
DA:122,22
DA:125,22
DA:126,21
DA:127,20
DA:130,20
DA:132,19
DA:133,19
DA:135,18
DA:137,3
DA:138,3
DA:140,3
DA:141,4
DA:144,3
DA:146,38
DA:148,38
DA:149,24
DA:150,23
DA:151,23
DA:153,18
DA:155,18
DA:156,39
DA:163,17
DA:165,17
DA:166,17
DA:167,17
DA:168,31
DA:169,3
DA:174,14
DA:175,13
DA:177,13
DA:179,7
DA:180,4
DA:181,4
DA:182,11
DA:183,1
DA:185,10
DA:188,3
DA:192,3
DA:193,3
DA:194,9
DA:195,0
DA:197,9
DA:200,3
DA:203,6
DA:205,5
DA:206,4
DA:207,4
DA:208,20
DA:209,1
DA:211,19
DA:214,3
DA:218,1
DA:219,1
DA:220,2
DA:221,0
DA:223,2
DA:226,1
DA:231,1
DA:236,12
DA:238,9
DA:239,9
DA:240,9
DA:243,0
DA:244,0
DA:246,0
DA:250,0
DA:251,0
DA:252,0
DA:254,0
DA:256,0
DA:258,0
DA:260,0
DA:261,0
DA:262,0
DA:263,0
DA:264,0
DA:266,0
DA:267,0
DA:268,0
DA:269,0
DA:270,0
DA:274,0
DA:277,0
DA:279,0
DA:280,0
DA:281,0
DA:282,0
DA:283,0
DA:284,0
DA:285,0
DA:291,0
DA:292,0
DA:293,0
DA:294,0
DA:295,0
DA:296,0
DA:299,0
DA:305,0
DA:310,17
DA:312,17
DA:314,17
DA:315,17
DA:317,17
DA:321,53
DA:323,53
DA:327,0
DA:333,18
DA:334,18
DA:347,18
DA:348,18
DA:353,18
DA:354,18
DA:356,18
DA:358,1278
DA:360,1278
DA:361,630
DA:363,648
DA:366,1278
DA:367,505
DA:370,1278
DA:371,198
DA:374,1080
DA:375,0
DA:378,1080
DA:379,1080
DA:383,18
DA:384,0
DA:387,18
DA:388,18
DA:390,216
DA:391,1080
DA:392,1080
DA:399,18
DA:400,18
DA:401,18
DA:402,18
DA:403,18
DA:404,18
DA:405,18
DA:406,18
DA:407,18
DA:408,18
DA:411,18
DA:412,18
DA:413,18
DA:414,18
DA:415,18
DA:416,18
DA:417,18
DA:418,18
DA:419,18
DA:420,18
DA:423,18
DA:424,18
DA:425,18
DA:426,18
DA:427,18
DA:428,18
DA:429,18
DA:430,18
DA:431,18
DA:432,18
DA:435,18
DA:436,18
DA:437,18
DA:438,18
DA:439,18
DA:440,18
DA:441,18
DA:442,18
DA:443,18
DA:444,18
DA:447,18
DA:448,18
DA:449,18
DA:450,18
DA:451,18
DA:452,18
DA:453,18
DA:454,18
DA:455,18
DA:456,18
DA:459,18
DA:460,18
DA:461,18
DA:462,18
DA:463,18
DA:464,18
DA:465,18
DA:466,18
DA:467,18
DA:468,18
DA:471,18
DA:472,18
DA:473,18
DA:474,18
DA:475,18
DA:476,18
DA:477,18
DA:478,18
DA:479,18
DA:480,18
DA:482,18
DA:483,18
DA:484,18
DA:485,18
DA:486,18
DA:487,18
DA:488,18
DA:489,18
DA:490,18
DA:491,18
DA:493,18
DA:494,18
DA:495,18
DA:496,18
DA:497,18
DA:498,18
DA:499,18
DA:500,18
DA:501,18
DA:502,18
DA:504,18
DA:505,18
DA:506,18
DA:507,18
DA:508,18
DA:509,18
DA:510,18
DA:511,18
DA:512,18
DA:513,18
DA:515,18
DA:516,18
DA:517,18
DA:518,18
DA:519,18
DA:520,18
DA:521,18
DA:522,18
DA:523,18
DA:524,18
DA:526,18
DA:527,18
DA:528,18
DA:529,18
DA:530,18
DA:531,18
DA:532,18
DA:533,18
DA:534,18
DA:535,18
DA:537,18
LF:313
LH:266
BRDA:20,0,0,11
BRDA:24,1,0,11
BRDA:24,1,1,7
BRDA:35,2,0,0
BRDA:36,3,0,0
BRDA:41,4,0,3
BRDA:41,4,1,43
BRDA:41,5,0,46
BRDA:41,5,1,21
BRDA:43,6,0,3
BRDA:43,7,0,43
BRDA:43,7,1,25
BRDA:47,8,0,18
BRDA:47,8,1,22
BRDA:49,9,0,2
BRDA:49,9,1,16
BRDA:50,10,0,2
BRDA:50,10,1,1
BRDA:50,10,2,1
BRDA:51,11,0,2
BRDA:52,12,0,2
BRDA:52,12,1,1
BRDA:52,12,2,1
BRDA:55,13,0,3
BRDA:55,13,1,11
BRDA:56,14,0,3
BRDA:56,14,1,2
BRDA:57,15,0,2
BRDA:58,16,0,2
BRDA:58,16,1,2
BRDA:61,17,0,0
BRDA:61,17,1,9
BRDA:64,18,0,0
BRDA:68,19,0,22
BRDA:71,20,0,0
BRDA:71,20,1,22
BRDA:72,21,0,0
BRDA:72,21,1,0
BRDA:72,21,2,0
BRDA:73,22,0,1
BRDA:74,23,0,1
BRDA:74,23,1,1
BRDA:74,23,2,1
BRDA:77,24,0,7
BRDA:77,24,1,14
BRDA:78,25,0,7
BRDA:78,25,1,2
BRDA:79,26,0,0
BRDA:80,27,0,0
BRDA:80,27,1,0
BRDA:83,28,0,6
BRDA:83,28,1,8
BRDA:86,29,0,0
BRDA:96,30,0,6
BRDA:96,31,0,605
BRDA:96,31,1,601
BRDA:97,32,0,2
BRDA:97,33,0,599
BRDA:97,33,1,597
BRDA:102,34,0,4
BRDA:108,35,0,4
BRDA:114,36,0,0
BRDA:115,37,0,0
BRDA:116,38,0,0
BRDA:116,39,0,22
BRDA:116,39,1,9
BRDA:125,40,0,1
BRDA:126,41,0,1
BRDA:127,42,0,0
BRDA:130,43,0,1
BRDA:132,44,0,0
BRDA:133,45,0,1
BRDA:133,46,0,19
BRDA:133,46,1,2
BRDA:135,47,0,3
BRDA:148,48,0,14
BRDA:149,49,0,1
BRDA:151,50,0,5
BRDA:168,51,0,3
BRDA:174,52,0,1
BRDA:174,53,0,14
BRDA:174,53,1,4
BRDA:174,53,2,1
BRDA:174,53,3,1
BRDA:175,54,0,0
BRDA:175,55,0,13
BRDA:175,55,1,2
BRDA:175,55,2,0
BRDA:175,55,3,0
BRDA:177,56,0,7
BRDA:177,56,1,6
BRDA:177,57,0,13
BRDA:177,57,1,7
BRDA:177,57,2,6
BRDA:177,57,3,3
BRDA:177,57,4,1
BRDA:179,58,0,4
BRDA:179,58,1,3
BRDA:182,59,0,1
BRDA:194,60,0,0
BRDA:203,61,0,5
BRDA:203,62,0,6
BRDA:203,62,1,5
BRDA:203,62,2,1
BRDA:205,63,0,4
BRDA:205,63,1,1
BRDA:208,64,0,1
BRDA:220,65,0,0
BRDA:236,66,0,3
BRDA:238,67,0,9
BRDA:250,68,0,0
BRDA:250,68,1,0
BRDA:251,69,0,0
BRDA:251,69,1,0
BRDA:258,70,0,0
BRDA:258,70,1,0
BRDA:258,71,0,0
BRDA:258,71,1,0
BRDA:260,72,0,0
BRDA:260,72,1,0
BRDA:261,73,0,0
BRDA:261,73,1,0
BRDA:263,74,0,0
BRDA:266,75,0,0
BRDA:267,76,0,0
BRDA:267,76,1,0
BRDA:269,77,0,0
BRDA:277,78,0,0
BRDA:277,78,1,0
BRDA:279,79,0,0
BRDA:279,79,1,0
BRDA:281,80,0,0
BRDA:282,81,0,0
BRDA:282,81,1,0
BRDA:284,82,0,0
BRDA:291,83,0,0
BRDA:291,83,1,0
BRDA:293,84,0,0
BRDA:294,85,0,0
BRDA:310,86,0,0
BRDA:321,87,0,0
BRDA:360,88,0,630
BRDA:360,88,1,648
BRDA:366,89,0,505
BRDA:370,90,0,198
BRDA:374,91,0,0
BRDA:383,92,0,0
BRF:147
BRH:92
end_of_record
TN:
SF:models/Piece.ts
FN:5,(anonymous_0)
FN:13,(anonymous_1)
FNF:2
FNH:1
FNDA:1140,(anonymous_0)
FNDA:0,(anonymous_1)
DA:4,1
DA:6,1140
DA:7,1140
DA:14,0
DA:15,0
LF:5
LH:3
BRDA:14,0,0,0
BRDA:15,1,0,0
BRDA:15,1,1,0
BRF:3
BRH:0
end_of_record
TN:
SF:models/Position.ts
FN:5,(anonymous_0)
FNF:1
FNH:1
FNDA:319,(anonymous_0)
DA:1,1
DA:6,319
DA:7,319
LF:3
LH:3
BRF:0
BRH:0
end_of_record
TN:
SF:models/Tile.ts
FN:11,(anonymous_0)
FN:17,(anonymous_1)
FN:20,(anonymous_2)
FN:23,(anonymous_3)
FN:27,(anonymous_4)
FN:31,(anonymous_5)
FN:35,(anonymous_6)
FN:39,(anonymous_7)
FN:43,(anonymous_8)
FN:47,(anonymous_9)
FN:54,(anonymous_10)
FNF:11
FNH:9
FNDA:1080,(anonymous_0)
FNDA:23,(anonymous_1)
FNDA:17,(anonymous_2)
FNDA:21,(anonymous_3)
FNDA:55,(anonymous_4)
FNDA:0,(anonymous_5)
FNDA:376,(anonymous_6)
FNDA:1080,(anonymous_7)
FNDA:1080,(anonymous_8)
FNDA:0,(anonymous_9)
FNDA:1,(anonymous_10)
DA:4,1
DA:12,1080
DA:13,1080
DA:14,1080
DA:15,1080
DA:18,23
DA:21,17
DA:24,21
DA:28,55
DA:32,0
DA:36,376
DA:40,1080
DA:44,1080
DA:48,0
DA:49,0
DA:54,1
DA:55,1
DA:56,1
DA:57,1
LF:19
LH:16
BRDA:54,0,0,1
BRDA:54,0,1,1
BRF:2
BRH:2
end_of_record
TN:
SF:models/interfaces/IBoard.ts
FNF:0
FNH:0
DA:2,1
DA:4,1
DA:26,1
LF:3
LH:3
BRF:0
BRH:0
end_of_record
TN:
SF:models/interfaces/IJunqiGame.ts
FN:34,(anonymous_6)
FNF:1
FNH:1
FNDA:1,(anonymous_6)
DA:3,1
DA:4,1
DA:23,1
DA:32,1
DA:34,1
DA:35,1
DA:36,1
DA:37,1
LF:8
LH:8
BRDA:34,0,0,1
BRDA:34,0,1,1
BRF:2
BRH:2
end_of_record
TN:
SF:models/interfaces/IPiece.ts
FN:11,(anonymous_0)
FNF:1
FNH:1
FNDA:1,(anonymous_0)
DA:2,1
DA:11,1
DA:12,1
DA:13,1
DA:14,1
DA:15,1
DA:16,1
DA:17,1
DA:18,1
DA:19,1
DA:20,1
DA:21,1
DA:22,1
DA:23,1
DA:24,1
DA:27,1
LF:16
LH:16
BRDA:11,0,0,1
BRDA:11,0,1,1
BRF:2
BRH:2
end_of_record
TN:
SF:models/interfaces/ITile.ts
FNF:0
FNH:0
DA:2,1
DA:3,1
DA:21,1
LF:3
LH:3
BRF:0
BRH:0
end_of_record
